2025-06-03 20:10:19.673 +03:00 [INF] Now listening on: https://localhost:7200
2025-06-03 20:10:19.741 +03:00 [INF] Now listening on: http://localhost:5263
2025-06-03 20:10:19.745 +03:00 [INF] Application started. Press Ctrl+C to shut down.
2025-06-03 20:10:19.747 +03:00 [INF] Hosting environment: Development
2025-06-03 20:10:19.748 +03:00 [INF] Content root path: D:\Danson\Source\Local\BRGateway24\BRGateway24
2025-06-03 20:10:51.801 +03:00 [INF] Request starting HTTP/2 GET https://localhost:7200/swagger/index.html - null null
2025-06-03 20:10:52.326 +03:00 [INF] Request finished HTTP/2 GET https://localhost:7200/swagger/index.html - 200 null text/html;charset=utf-8 540.3141ms
2025-06-03 20:10:52.372 +03:00 [INF] Request starting HTTP/2 GET https://localhost:7200/_framework/aspnetcore-browser-refresh.js - null null
2025-06-03 20:10:52.372 +03:00 [INF] Request starting HTTP/2 GET https://localhost:7200/swagger/swagger-ui.css - null null
2025-06-03 20:10:52.372 +03:00 [INF] Request starting HTTP/2 GET https://localhost:7200/swagger/index.css - null null
2025-06-03 20:10:52.411 +03:00 [INF] Request starting HTTP/2 GET https://localhost:7200/_vs/browserLink - null null
2025-06-03 20:10:52.476 +03:00 [INF] Request starting HTTP/2 GET https://localhost:7200/swagger/index.js - null null
2025-06-03 20:10:52.623 +03:00 [INF] Request finished HTTP/2 GET https://localhost:7200/_framework/aspnetcore-browser-refresh.js - 200 13758 application/javascript; charset=utf-8 227.542ms
2025-06-03 20:10:52.656 +03:00 [INF] Sending file. Request path: '/swagger-ui.css'. Physical path: 'N/A'
2025-06-03 20:10:52.656 +03:00 [INF] Request finished HTTP/2 GET https://localhost:7200/swagger/index.js - 200 null application/javascript;charset=utf-8 246.861ms
2025-06-03 20:10:52.658 +03:00 [INF] Request finished HTTP/2 GET https://localhost:7200/swagger/swagger-ui.css - 499 152034 text/css 285.6641ms
2025-06-03 20:10:52.656 +03:00 [INF] Sending file. Request path: '/index.css'. Physical path: 'N/A'
2025-06-03 20:10:52.666 +03:00 [INF] Request finished HTTP/2 GET https://localhost:7200/swagger/index.css - 499 202 text/css 293.899ms
2025-06-03 20:10:52.701 +03:00 [INF] Request finished HTTP/2 GET https://localhost:7200/_vs/browserLink - 200 null text/javascript; charset=UTF-8 289.5768ms
2025-06-03 20:10:52.706 +03:00 [INF] Request starting HTTP/2 GET https://localhost:7200/swagger/favicon-16x16.png - null null
2025-06-03 20:10:52.787 +03:00 [INF] Request starting HTTP/2 GET https://localhost:7200/swagger/v1/swagger.json - null null
2025-06-03 20:10:52.800 +03:00 [INF] Sending file. Request path: '/favicon-16x16.png'. Physical path: 'N/A'
2025-06-03 20:10:52.802 +03:00 [INF] Request finished HTTP/2 GET https://localhost:7200/swagger/favicon-16x16.png - 499 665 image/png 96.9932ms
2025-06-03 20:10:53.090 +03:00 [INF] Request finished HTTP/2 GET https://localhost:7200/swagger/v1/swagger.json - 200 null application/json;charset=utf-8 303.6439ms
