2025-06-12 10:38:09.184 +03:00 [FTL] CRITICAL: Stored procedure 'p_AddEditAPIAuditLogGwy24' is missing!
2025-06-12 11:15:06.720 +03:00 [FTL] CRITICAL: Stored procedure 'p_AddEditAPIAuditLogGwy24' is missing!
2025-06-12 11:15:13.223 +03:00 [ERR] CRITICAL: Stored procedure 'p_AddEditAPIAuditLogGwy24' is missing!
2025-06-12 11:15:15.083 +03:00 [INF] Now listening on: https://localhost:7200
2025-06-12 11:15:15.089 +03:00 [INF] Now listening on: http://localhost:5263
2025-06-12 11:15:15.093 +03:00 [INF] Application started. Press Ctrl+C to shut down.
2025-06-12 11:15:15.095 +03:00 [INF] Hosting environment: Development
2025-06-12 11:15:15.097 +03:00 [INF] Content root path: D:\Danson\Source\Local\BRGateway24\BRGateway24
2025-06-12 11:15:20.173 +03:00 [INF] Request starting HTTP/2 GET https://localhost:7200/swagger/index.html - null null
2025-06-12 11:15:21.165 +03:00 [INF] Request finished HTTP/2 GET https://localhost:7200/swagger/index.html - 200 null text/html;charset=utf-8 1021.1039ms
2025-06-12 11:15:21.327 +03:00 [INF] Request starting HTTP/2 GET https://localhost:7200/swagger/swagger-ui.css - null null
2025-06-12 11:15:21.328 +03:00 [INF] Request starting HTTP/2 GET https://localhost:7200/_framework/aspnetcore-browser-refresh.js - null null
2025-06-12 11:15:21.332 +03:00 [INF] Request starting HTTP/2 GET https://localhost:7200/swagger/index.css - null null
2025-06-12 11:15:21.499 +03:00 [INF] Request starting HTTP/2 GET https://localhost:7200/_vs/browserLink - null null
2025-06-12 11:15:21.499 +03:00 [INF] Request starting HTTP/2 GET https://localhost:7200/swagger/index.js - null null
2025-06-12 11:15:21.789 +03:00 [INF] Request finished HTTP/2 GET https://localhost:7200/_framework/aspnetcore-browser-refresh.js - 200 13758 application/javascript; charset=utf-8 461.2287ms
2025-06-12 11:15:21.801 +03:00 [INF] Sending file. Request path: '/index.css'. Physical path: 'N/A'
2025-06-12 11:15:21.859 +03:00 [INF] Request finished HTTP/2 GET https://localhost:7200/swagger/index.js - 200 null application/javascript;charset=utf-8 361.021ms
2025-06-12 11:15:21.801 +03:00 [INF] Sending file. Request path: '/swagger-ui.css'. Physical path: 'N/A'
2025-06-12 11:15:21.879 +03:00 [INF] Request finished HTTP/2 GET https://localhost:7200/swagger/index.css - 499 202 text/css 536.5413ms
2025-06-12 11:15:21.903 +03:00 [INF] Request finished HTTP/2 GET https://localhost:7200/swagger/swagger-ui.css - 499 152034 text/css 575.8685ms
2025-06-12 11:15:22.020 +03:00 [INF] Request finished HTTP/2 GET https://localhost:7200/_vs/browserLink - 200 null text/javascript; charset=UTF-8 521.2909ms
2025-06-12 11:15:22.219 +03:00 [INF] Request starting HTTP/2 GET https://localhost:7200/swagger/v1/swagger.json - null null
2025-06-12 11:15:23.257 +03:00 [INF] Request finished HTTP/2 GET https://localhost:7200/swagger/v1/swagger.json - 200 null application/json;charset=utf-8 1038.7632ms
2025-06-12 11:16:52.297 +03:00 [FTL] CRITICAL: Stored procedure 'p_AddEditAPIAuditLogGwy24' is missing!
2025-06-12 11:17:29.682 +03:00 [INF] Now listening on: https://localhost:7200
2025-06-12 11:17:29.790 +03:00 [INF] Now listening on: http://localhost:5263
2025-06-12 11:17:29.792 +03:00 [INF] Application started. Press Ctrl+C to shut down.
2025-06-12 11:17:29.810 +03:00 [INF] Hosting environment: Development
2025-06-12 11:17:29.811 +03:00 [INF] Content root path: D:\Danson\Source\Local\BRGateway24\BRGateway24
2025-06-12 11:17:29.967 +03:00 [INF] Request starting HTTP/2 GET https://localhost:7200/swagger/index.html - null null
2025-06-12 11:17:30.561 +03:00 [INF] Request finished HTTP/2 GET https://localhost:7200/swagger/index.html - 200 null text/html;charset=utf-8 610.815ms
2025-06-12 11:17:30.723 +03:00 [INF] Request starting HTTP/2 GET https://localhost:7200/_framework/aspnetcore-browser-refresh.js - null null
2025-06-12 11:17:30.739 +03:00 [INF] Request starting HTTP/2 GET https://localhost:7200/swagger/index.js - null null
2025-06-12 11:17:30.747 +03:00 [INF] Request finished HTTP/2 GET https://localhost:7200/_framework/aspnetcore-browser-refresh.js - 200 13758 application/javascript; charset=utf-8 24.5768ms
2025-06-12 11:17:30.750 +03:00 [INF] Request starting HTTP/2 GET https://localhost:7200/_vs/browserLink - null null
2025-06-12 11:17:30.750 +03:00 [INF] Request finished HTTP/2 GET https://localhost:7200/swagger/index.js - 200 null application/javascript;charset=utf-8 11.2176ms
2025-06-12 11:17:30.830 +03:00 [INF] Request finished HTTP/2 GET https://localhost:7200/_vs/browserLink - 200 null text/javascript; charset=UTF-8 79.9751ms
2025-06-12 11:17:31.578 +03:00 [INF] Request starting HTTP/2 GET https://localhost:7200/swagger/v1/swagger.json - null null
2025-06-12 11:17:31.983 +03:00 [INF] Request finished HTTP/2 GET https://localhost:7200/swagger/v1/swagger.json - 200 null application/json;charset=utf-8 405.6979ms
2025-06-12 11:48:00.141 +03:00 [FTL] CRITICAL: Stored procedure 'p_AddEditAPIAuditLogGwy24' is missing!
2025-06-12 15:47:45.564 +03:00 [INF] Now listening on: https://localhost:7200
2025-06-12 15:47:45.682 +03:00 [INF] Now listening on: http://localhost:5263
2025-06-12 15:47:45.699 +03:00 [INF] Application started. Press Ctrl+C to shut down.
2025-06-12 15:47:45.703 +03:00 [INF] Hosting environment: Development
2025-06-12 15:47:45.705 +03:00 [INF] Content root path: D:\Danson\Source\Local\BRGateway24\BRGateway24
2025-06-12 15:47:48.134 +03:00 [INF] Request starting HTTP/2 GET https://localhost:7200/swagger/index.html - null null
2025-06-12 15:47:50.158 +03:00 [INF] Request finished HTTP/2 GET https://localhost:7200/swagger/index.html - 200 null text/html;charset=utf-8 2051.8524ms
2025-06-12 15:47:50.399 +03:00 [INF] Request starting HTTP/2 GET https://localhost:7200/_framework/aspnetcore-browser-refresh.js - null null
2025-06-12 15:47:50.412 +03:00 [INF] Request starting HTTP/2 GET https://localhost:7200/swagger/index.js - null null
2025-06-12 15:47:50.456 +03:00 [INF] Request starting HTTP/2 GET https://localhost:7200/_vs/browserLink - null null
2025-06-12 15:47:50.521 +03:00 [INF] Request finished HTTP/2 GET https://localhost:7200/_framework/aspnetcore-browser-refresh.js - 200 13758 application/javascript; charset=utf-8 122.2302ms
2025-06-12 15:47:50.528 +03:00 [INF] Request finished HTTP/2 GET https://localhost:7200/swagger/index.js - 200 null application/javascript;charset=utf-8 116.134ms
2025-06-12 15:47:51.223 +03:00 [INF] Request finished HTTP/2 GET https://localhost:7200/_vs/browserLink - 200 null text/javascript; charset=UTF-8 767.198ms
2025-06-12 15:47:52.069 +03:00 [INF] Request starting HTTP/2 GET https://localhost:7200/swagger/v1/swagger.json - null null
2025-06-12 15:47:52.746 +03:00 [INF] Request finished HTTP/2 GET https://localhost:7200/swagger/v1/swagger.json - 200 null application/json;charset=utf-8 677.9865ms
