2025-06-25 13:39:57.057 +03:00 [INF] Now listening on: https://localhost:7200
2025-06-25 13:39:57.112 +03:00 [INF] Now listening on: http://localhost:5263
2025-06-25 13:39:57.119 +03:00 [INF] Application started. Press Ctrl+C to shut down.
2025-06-25 13:39:57.121 +03:00 [INF] Hosting environment: Development
2025-06-25 13:39:57.122 +03:00 [INF] Content root path: D:\Danson\Source\Local\BRGateway24\BRGateway24
2025-06-25 13:40:00.400 +03:00 [INF] Request starting HTTP/2 GET https://localhost:7200/swagger - null null
2025-06-25 13:40:00.758 +03:00 [INF] Request finished HTTP/2 GET https://localhost:7200/swagger - 301 0 null 382.1124ms
2025-06-25 13:40:00.762 +03:00 [INF] Request starting HTTP/2 GET https://localhost:7200/swagger/index.html - null null
2025-06-25 13:40:00.880 +03:00 [INF] Request finished HTTP/2 GET https://localhost:7200/swagger/index.html - 200 null text/html;charset=utf-8 117.1375ms
2025-06-25 13:40:00.909 +03:00 [INF] Request starting HTTP/2 GET https://localhost:7200/swagger/swagger-ui.css - null null
2025-06-25 13:40:00.910 +03:00 [INF] Request starting HTTP/2 GET https://localhost:7200/_vs/browserLink - null null
2025-06-25 13:40:00.910 +03:00 [INF] Request starting HTTP/2 GET https://localhost:7200/swagger/index.js - null null
2025-06-25 13:40:00.910 +03:00 [INF] Request starting HTTP/2 GET https://localhost:7200/swagger/swagger-ui-standalone-preset.js - null null
2025-06-25 13:40:00.909 +03:00 [INF] Request starting HTTP/2 GET https://localhost:7200/swagger/index.css - null null
2025-06-25 13:40:00.942 +03:00 [INF] Request finished HTTP/2 GET https://localhost:7200/swagger/index.js - 200 null application/javascript;charset=utf-8 32.3983ms
2025-06-25 13:40:00.909 +03:00 [INF] Request starting HTTP/2 GET https://localhost:7200/swagger/swagger-ui-bundle.js - null null
2025-06-25 13:40:00.921 +03:00 [INF] Request starting HTTP/2 GET https://localhost:7200/_framework/aspnetcore-browser-refresh.js - null null
2025-06-25 13:40:00.958 +03:00 [INF] Sending file. Request path: '/index.css'. Physical path: 'N/A'
2025-06-25 13:40:00.966 +03:00 [INF] Request finished HTTP/2 GET https://localhost:7200/swagger/index.css - 200 202 text/css 57.146ms
2025-06-25 13:40:00.969 +03:00 [INF] Request finished HTTP/2 GET https://localhost:7200/_framework/aspnetcore-browser-refresh.js - 200 13758 application/javascript; charset=utf-8 48.8135ms
2025-06-25 13:40:00.986 +03:00 [INF] Sending file. Request path: '/swagger-ui.css'. Physical path: 'N/A'
2025-06-25 13:40:00.986 +03:00 [INF] Sending file. Request path: '/swagger-ui-standalone-preset.js'. Physical path: 'N/A'
2025-06-25 13:40:00.995 +03:00 [INF] Request finished HTTP/2 GET https://localhost:7200/swagger/swagger-ui.css - 200 152034 text/css 86.2275ms
2025-06-25 13:40:00.995 +03:00 [INF] Request finished HTTP/2 GET https://localhost:7200/swagger/swagger-ui-standalone-preset.js - 200 230293 text/javascript 86.0245ms
2025-06-25 13:40:01.049 +03:00 [INF] Sending file. Request path: '/swagger-ui-bundle.js'. Physical path: 'N/A'
2025-06-25 13:40:01.051 +03:00 [INF] Request finished HTTP/2 GET https://localhost:7200/swagger/swagger-ui-bundle.js - 200 1452753 text/javascript 141.4745ms
2025-06-25 13:40:01.093 +03:00 [INF] Request finished HTTP/2 GET https://localhost:7200/_vs/browserLink - 200 null text/javascript; charset=UTF-8 183.0945ms
2025-06-25 13:40:01.225 +03:00 [INF] Request starting HTTP/2 GET https://localhost:7200/swagger/favicon-16x16.png - null null
2025-06-25 13:40:01.227 +03:00 [INF] Sending file. Request path: '/favicon-16x16.png'. Physical path: 'N/A'
2025-06-25 13:40:01.229 +03:00 [INF] Request finished HTTP/2 GET https://localhost:7200/swagger/favicon-16x16.png - 200 665 image/png 3.4795ms
2025-06-25 13:40:01.450 +03:00 [INF] Request starting HTTP/2 GET https://localhost:7200/swagger/v1/swagger.json - null null
2025-06-25 13:40:01.727 +03:00 [INF] Request finished HTTP/2 GET https://localhost:7200/swagger/v1/swagger.json - 200 null application/json;charset=utf-8 278.268ms
2025-06-25 13:43:53.020 +03:00 [INF] Request starting HTTP/2 POST https://localhost:7200/Transaction/IntenalTransfer - application/json 934
2025-06-25 13:43:53.036 +03:00 [INF] Executing endpoint 'BRGateway24.Controllers.TransactionController.InternalTransfer (BRGateway24)'
2025-06-25 13:43:53.115 +03:00 [INF] Route matched with {action = "InternalTransfer", controller = "Transaction"}. Executing controller action with signature System.Threading.Tasks.Task`1[BRGateway24.Models.MainResponse] InternalTransfer(BRGateway24.Models.InternalTransferRequest) on controller BRGateway24.Controllers.TransactionController (BRGateway24).
2025-06-25 13:43:53.895 +03:00 [ERR] Object reference not set to an instance of an object.
2025-06-25 13:43:54.370 +03:00 [INF] Executing action method BRGateway24.Controllers.TransactionController.InternalTransfer (BRGateway24) - Validation state: "Valid"
2025-06-25 13:43:56.373 +03:00 [INF] Executed action method BRGateway24.Controllers.TransactionController.InternalTransfer (BRGateway24), returned result Microsoft.AspNetCore.Mvc.ObjectResult in 1990.1379ms.
2025-06-25 13:43:56.389 +03:00 [INF] Executing ObjectResult, writing value of type 'BRGateway24.Models.MainResponse'.
2025-06-25 13:43:56.435 +03:00 [INF] Executed action BRGateway24.Controllers.TransactionController.InternalTransfer (BRGateway24) in 3305.6132ms
2025-06-25 13:43:56.438 +03:00 [INF] Executed endpoint 'BRGateway24.Controllers.TransactionController.InternalTransfer (BRGateway24)'
2025-06-25 13:43:56.441 +03:00 [INF] Request finished HTTP/2 POST https://localhost:7200/Transaction/IntenalTransfer - 200 null application/json; charset=utf-8 3421.8931ms
2025-06-25 13:44:32.836 +03:00 [INF] Request starting HTTP/2 POST https://localhost:7200/Transaction/IntenalTransfer - application/json 934
2025-06-25 13:44:32.846 +03:00 [INF] Executing endpoint 'BRGateway24.Controllers.TransactionController.InternalTransfer (BRGateway24)'
2025-06-25 13:44:32.849 +03:00 [INF] Route matched with {action = "InternalTransfer", controller = "Transaction"}. Executing controller action with signature System.Threading.Tasks.Task`1[BRGateway24.Models.MainResponse] InternalTransfer(BRGateway24.Models.InternalTransferRequest) on controller BRGateway24.Controllers.TransactionController (BRGateway24).
2025-06-25 13:44:33.041 +03:00 [INF] Executing action method BRGateway24.Controllers.TransactionController.InternalTransfer (BRGateway24) - Validation state: "Valid"
2025-06-25 13:44:47.990 +03:00 [INF] Executed action method BRGateway24.Controllers.TransactionController.InternalTransfer (BRGateway24), returned result Microsoft.AspNetCore.Mvc.ObjectResult in 14942.453ms.
2025-06-25 13:44:47.996 +03:00 [INF] Executing ObjectResult, writing value of type 'BRGateway24.Models.MainResponse'.
2025-06-25 13:44:48.006 +03:00 [INF] Executed action BRGateway24.Controllers.TransactionController.InternalTransfer (BRGateway24) in 15144.9547ms
2025-06-25 13:44:48.015 +03:00 [INF] Executed endpoint 'BRGateway24.Controllers.TransactionController.InternalTransfer (BRGateway24)'
2025-06-25 13:44:48.018 +03:00 [INF] Request finished HTTP/2 POST https://localhost:7200/Transaction/IntenalTransfer - 200 null application/json; charset=utf-8 15182.7409ms
2025-06-25 13:44:59.216 +03:00 [INF] Request starting HTTP/2 POST https://localhost:7200/Transaction/IntenalTransfer - application/json 934
2025-06-25 13:44:59.222 +03:00 [INF] Executing endpoint 'BRGateway24.Controllers.TransactionController.InternalTransfer (BRGateway24)'
2025-06-25 13:44:59.227 +03:00 [INF] Route matched with {action = "InternalTransfer", controller = "Transaction"}. Executing controller action with signature System.Threading.Tasks.Task`1[BRGateway24.Models.MainResponse] InternalTransfer(BRGateway24.Models.InternalTransferRequest) on controller BRGateway24.Controllers.TransactionController (BRGateway24).
2025-06-25 13:44:59.311 +03:00 [INF] Executing action method BRGateway24.Controllers.TransactionController.InternalTransfer (BRGateway24) - Validation state: "Valid"
2025-06-25 13:45:39.299 +03:00 [INF] Executed action method BRGateway24.Controllers.TransactionController.InternalTransfer (BRGateway24), returned result Microsoft.AspNetCore.Mvc.ObjectResult in 39985.2606ms.
2025-06-25 13:45:39.306 +03:00 [INF] Executing ObjectResult, writing value of type 'BRGateway24.Models.MainResponse'.
2025-06-25 13:45:39.310 +03:00 [INF] Executed action BRGateway24.Controllers.TransactionController.InternalTransfer (BRGateway24) in 40075.2833ms
2025-06-25 13:45:39.318 +03:00 [INF] Executed endpoint 'BRGateway24.Controllers.TransactionController.InternalTransfer (BRGateway24)'
2025-06-25 13:45:39.321 +03:00 [INF] Request finished HTTP/2 POST https://localhost:7200/Transaction/IntenalTransfer - 200 null application/json; charset=utf-8 40104.3216ms
2025-06-25 13:45:45.720 +03:00 [INF] Request starting HTTP/2 POST https://localhost:7200/Transaction/IntenalTransfer - application/json 934
2025-06-25 13:45:45.725 +03:00 [INF] Executing endpoint 'BRGateway24.Controllers.TransactionController.InternalTransfer (BRGateway24)'
2025-06-25 13:45:45.728 +03:00 [INF] Route matched with {action = "InternalTransfer", controller = "Transaction"}. Executing controller action with signature System.Threading.Tasks.Task`1[BRGateway24.Models.MainResponse] InternalTransfer(BRGateway24.Models.InternalTransferRequest) on controller BRGateway24.Controllers.TransactionController (BRGateway24).
2025-06-25 13:45:45.789 +03:00 [INF] Executing action method BRGateway24.Controllers.TransactionController.InternalTransfer (BRGateway24) - Validation state: "Valid"
2025-06-25 14:02:42.620 +03:00 [INF] Executed action method BRGateway24.Controllers.TransactionController.InternalTransfer (BRGateway24), returned result Microsoft.AspNetCore.Mvc.ObjectResult in 1016826.7691ms.
2025-06-25 14:02:42.627 +03:00 [INF] Executing ObjectResult, writing value of type 'BRGateway24.Models.MainResponse'.
2025-06-25 14:02:42.848 +03:00 [INF] Executed action BRGateway24.Controllers.TransactionController.InternalTransfer (BRGateway24) in 1017115.2782ms
2025-06-25 14:02:42.853 +03:00 [INF] Executed endpoint 'BRGateway24.Controllers.TransactionController.InternalTransfer (BRGateway24)'
2025-06-25 14:02:42.854 +03:00 [INF] Request finished HTTP/2 POST https://localhost:7200/Transaction/IntenalTransfer - 499 null application/json; charset=utf-8 1017133.9308ms
2025-06-25 14:02:48.912 +03:00 [INF] Request starting HTTP/2 POST https://localhost:7200/Transaction/IntenalTransfer - application/json 934
2025-06-25 14:02:48.917 +03:00 [INF] Executing endpoint 'BRGateway24.Controllers.TransactionController.InternalTransfer (BRGateway24)'
2025-06-25 14:02:48.919 +03:00 [INF] Route matched with {action = "InternalTransfer", controller = "Transaction"}. Executing controller action with signature System.Threading.Tasks.Task`1[BRGateway24.Models.MainResponse] InternalTransfer(BRGateway24.Models.InternalTransferRequest) on controller BRGateway24.Controllers.TransactionController (BRGateway24).
2025-06-25 14:02:49.006 +03:00 [INF] Executing action method BRGateway24.Controllers.TransactionController.InternalTransfer (BRGateway24) - Validation state: "Valid"
2025-06-25 14:03:23.881 +03:00 [INF] Executed action method BRGateway24.Controllers.TransactionController.InternalTransfer (BRGateway24), returned result Microsoft.AspNetCore.Mvc.ObjectResult in 34872.4804ms.
2025-06-25 14:03:23.883 +03:00 [INF] Executing ObjectResult, writing value of type 'BRGateway24.Models.MainResponse'.
2025-06-25 14:03:23.885 +03:00 [INF] Executed action BRGateway24.Controllers.TransactionController.InternalTransfer (BRGateway24) in 34963.0802ms
2025-06-25 14:03:23.888 +03:00 [INF] Executed endpoint 'BRGateway24.Controllers.TransactionController.InternalTransfer (BRGateway24)'
2025-06-25 14:03:23.889 +03:00 [INF] Request finished HTTP/2 POST https://localhost:7200/Transaction/IntenalTransfer - 200 null application/json; charset=utf-8 34976.5081ms
2025-06-25 14:03:29.693 +03:00 [INF] Request starting HTTP/2 POST https://localhost:7200/Transaction/IntenalTransfer - application/json 934
2025-06-25 14:03:29.696 +03:00 [INF] Executing endpoint 'BRGateway24.Controllers.TransactionController.InternalTransfer (BRGateway24)'
2025-06-25 14:03:29.697 +03:00 [INF] Route matched with {action = "InternalTransfer", controller = "Transaction"}. Executing controller action with signature System.Threading.Tasks.Task`1[BRGateway24.Models.MainResponse] InternalTransfer(BRGateway24.Models.InternalTransferRequest) on controller BRGateway24.Controllers.TransactionController (BRGateway24).
2025-06-25 14:03:29.731 +03:00 [INF] Executing action method BRGateway24.Controllers.TransactionController.InternalTransfer (BRGateway24) - Validation state: "Valid"
2025-06-25 14:17:40.606 +03:00 [INF] Executed action method BRGateway24.Controllers.TransactionController.InternalTransfer (BRGateway24), returned result Microsoft.AspNetCore.Mvc.ObjectResult in 850872.6827ms.
2025-06-25 14:17:40.613 +03:00 [INF] Executing ObjectResult, writing value of type 'BRGateway24.Models.MainResponse'.
2025-06-25 14:17:40.821 +03:00 [INF] Executed action BRGateway24.Controllers.TransactionController.InternalTransfer (BRGateway24) in 851120.7377ms
2025-06-25 14:17:40.822 +03:00 [INF] Executed endpoint 'BRGateway24.Controllers.TransactionController.InternalTransfer (BRGateway24)'
2025-06-25 14:17:40.823 +03:00 [INF] Request finished HTTP/2 POST https://localhost:7200/Transaction/IntenalTransfer - 499 null application/json; charset=utf-8 851130.9209ms
2025-06-25 14:17:45.583 +03:00 [INF] Request starting HTTP/2 POST https://localhost:7200/Transaction/IntenalTransfer - application/json 935
2025-06-25 14:17:45.585 +03:00 [INF] Executing endpoint 'BRGateway24.Controllers.TransactionController.InternalTransfer (BRGateway24)'
2025-06-25 14:17:45.587 +03:00 [INF] Route matched with {action = "InternalTransfer", controller = "Transaction"}. Executing controller action with signature System.Threading.Tasks.Task`1[BRGateway24.Models.MainResponse] InternalTransfer(BRGateway24.Models.InternalTransferRequest) on controller BRGateway24.Controllers.TransactionController (BRGateway24).
2025-06-25 14:17:45.641 +03:00 [INF] Executing action method BRGateway24.Controllers.TransactionController.InternalTransfer (BRGateway24) - Validation state: "Valid"
2025-06-25 14:20:59.688 +03:00 [ERR] <InternalTransfer>d__5
System.NullReferenceException: Object reference not set to an instance of an object.
   at BRGateway24.Controllers.TransactionController.InternalTransfer(InternalTransferRequest internalTransferRequest) in D:\Danson\Source\Local\BRGateway24\BRGateway24\Controllers\TransactionController.cs:line 47
2025-06-25 14:21:43.564 +03:00 [INF] Executed action method BRGateway24.Controllers.TransactionController.InternalTransfer (BRGateway24), returned result Microsoft.AspNetCore.Mvc.ObjectResult in 237919.2499ms.
2025-06-25 14:21:43.581 +03:00 [INF] Executing ObjectResult, writing value of type 'BRGateway24.Models.MainResponse'.
2025-06-25 14:21:43.781 +03:00 [INF] Executed action BRGateway24.Controllers.TransactionController.InternalTransfer (BRGateway24) in 238192.2539ms
2025-06-25 14:21:43.783 +03:00 [INF] Executed endpoint 'BRGateway24.Controllers.TransactionController.InternalTransfer (BRGateway24)'
2025-06-25 14:21:43.784 +03:00 [INF] Request finished HTTP/2 POST https://localhost:7200/Transaction/IntenalTransfer - 499 null application/json; charset=utf-8 238201.3263ms
