2025-08-20 08:40:22.319 +03:00 [INF] Now listening on: http://localhost:5263
2025-08-20 08:40:22.542 +03:00 [INF] Application started. Press Ctrl+C to shut down.
2025-08-20 08:40:22.546 +03:00 [INF] Hosting environment: Development
2025-08-20 08:40:22.548 +03:00 [INF] Content root path: C:\Users\alex.ndegwa\Desktop\BRNET\TISS\BRGateway24
2025-08-20 08:40:23.142 +03:00 [INF] Request starting HTTP/1.1 GET http://localhost:5263/_framework/aspnetcore-browser-refresh.js - null null
2025-08-20 08:40:23.188 +03:00 [INF] Request starting HTTP/1.1 GET http://localhost:5263/_vs/browserLink - null null
2025-08-20 08:40:23.193 +03:00 [INF] Request finished HTTP/1.1 GET http://localhost:5263/_framework/aspnetcore-browser-refresh.js - 200 13757 application/javascript; charset=utf-8 67.7216ms
2025-08-20 08:40:23.415 +03:00 [INF] Request finished HTTP/1.1 GET http://localhost:5263/_vs/browserLink - 200 null text/javascript; charset=UTF-8 234.6343ms
2025-08-20 08:40:23.513 +03:00 [INF] Request starting HTTP/1.1 GET http://localhost:5263/swagger/v1/swagger.json - null null
2025-08-20 08:40:23.581 +03:00 [INF] Request finished HTTP/1.1 GET http://localhost:5263/swagger/v1/swagger.json - 200 null application/json;charset=utf-8 67.1914ms
2025-08-20 08:51:58.106 +03:00 [INF] Now listening on: http://localhost:5263
2025-08-20 08:51:58.341 +03:00 [INF] Application started. Press Ctrl+C to shut down.
2025-08-20 08:51:58.345 +03:00 [INF] Hosting environment: Development
2025-08-20 08:51:58.347 +03:00 [INF] Content root path: C:\Users\alex.ndegwa\Desktop\BRNET\TISS\BRGateway24
2025-08-20 08:51:58.997 +03:00 [INF] Request starting HTTP/1.1 GET http://localhost:5263/_vs/browserLink - null null
2025-08-20 08:51:58.996 +03:00 [INF] Request starting HTTP/1.1 GET http://localhost:5263/_framework/aspnetcore-browser-refresh.js - null null
2025-08-20 08:51:59.034 +03:00 [INF] Request finished HTTP/1.1 GET http://localhost:5263/_framework/aspnetcore-browser-refresh.js - 200 13757 application/javascript; charset=utf-8 54.5281ms
2025-08-20 08:51:59.092 +03:00 [INF] Request finished HTTP/1.1 GET http://localhost:5263/_vs/browserLink - 200 null text/javascript; charset=UTF-8 113.4166ms
2025-08-20 08:51:59.160 +03:00 [INF] Request starting HTTP/1.1 GET http://localhost:5263/swagger/v1/swagger.json - null null
2025-08-20 08:51:59.240 +03:00 [INF] Request finished HTTP/1.1 GET http://localhost:5263/swagger/v1/swagger.json - 200 null application/json;charset=utf-8 80.2822ms
2025-08-20 08:56:16.364 +03:00 [INF] Request starting HTTP/1.1 POST http://localhost:5263/Token/Login - application/json 175
2025-08-20 08:56:16.393 +03:00 [WRN] Failed to determine the https port for redirect.
2025-08-20 08:56:16.400 +03:00 [INF] Executing endpoint 'BRGateway24.Controllers.TokenController.Generate (BRGateway24)'
2025-08-20 08:56:16.430 +03:00 [INF] Route matched with {action = "Generate", controller = "Token"}. Executing controller action with signature System.Threading.Tasks.Task`1[Microsoft.AspNetCore.Mvc.IActionResult] Generate(BRGateway24.Models.HeaderRequest) on controller BRGateway24.Controllers.TokenController (BRGateway24).
2025-08-20 08:56:16.594 +03:00 [INF] AuthenticateUser list: [
  {
    "LanguageID": "en",
    "Password": "g2yOsPr8JUgneu8n2JVIloW4mH5NXV1/qHvd7zKcpAU=",
    "TimeLoggedIn": "2025-08-20T08:50:00",
    "IPAddress": "127.0.0.1",
    "LoginFailureIPAddress": null,
    "RoleID": "GMOPS",
    "Status": 1,
    "SessionID": "51971865-dc27-426b-b4f7-d6dd1fb6ed5fBRNET_KCBL14EKIJA127.0.0.1",
    "UserID": "0000025",
    "Username": "EKIJA",
    "Firstname": "EKIJA",
    "Lastname": "EKIJA",
    "Email": "",
    "PhoneNumber": "",
    "ProfilePic": "/upload/blank-person.png",
    "OutputJSON": null
  }
]
2025-08-20 08:56:16.759 +03:00 [INF] Executing OkObjectResult, writing value of type 'BRGateway24.Models.LoginReq'.
2025-08-20 08:56:16.775 +03:00 [INF] Executed action BRGateway24.Controllers.TokenController.Generate (BRGateway24) in 336.2248ms
2025-08-20 08:56:16.778 +03:00 [INF] Executed endpoint 'BRGateway24.Controllers.TokenController.Generate (BRGateway24)'
2025-08-20 08:56:16.781 +03:00 [INF] Request finished HTTP/1.1 POST http://localhost:5263/Token/Login - 200 null application/json; charset=utf-8 416.911ms
2025-08-20 09:03:36.851 +03:00 [INF] Request starting HTTP/1.1 POST http://localhost:5263/Token/Login - application/json 178
2025-08-20 09:03:36.865 +03:00 [INF] Executing endpoint 'BRGateway24.Controllers.TokenController.Generate (BRGateway24)'
2025-08-20 09:03:36.868 +03:00 [INF] Route matched with {action = "Generate", controller = "Token"}. Executing controller action with signature System.Threading.Tasks.Task`1[Microsoft.AspNetCore.Mvc.IActionResult] Generate(BRGateway24.Models.HeaderRequest) on controller BRGateway24.Controllers.TokenController (BRGateway24).
2025-08-20 09:03:37.954 +03:00 [INF] AuthenticateUser list: [
  {
    "LanguageID": "en",
    "Password": "g2yOsPr8JUgneu8n2JVIloW4mH5NXV1/qHvd7zKcpAU=",
    "TimeLoggedIn": "2025-08-20T08:50:00",
    "IPAddress": "127.0.0.1",
    "LoginFailureIPAddress": null,
    "RoleID": "GMOPS",
    "Status": 1,
    "SessionID": "51971865-dc27-426b-b4f7-d6dd1fb6ed5fBRNET_KCBL14EKIJA127.0.0.1",
    "UserID": "0000025",
    "Username": "EKIJA",
    "Firstname": "EKIJA",
    "Lastname": "EKIJA",
    "Email": "",
    "PhoneNumber": "",
    "ProfilePic": "/upload/blank-person.png",
    "OutputJSON": null
  }
]
2025-08-20 09:03:37.961 +03:00 [INF] Executing OkObjectResult, writing value of type 'BRGateway24.Models.LoginReq'.
2025-08-20 09:03:37.975 +03:00 [INF] Executed action BRGateway24.Controllers.TokenController.Generate (BRGateway24) in 1104.3802ms
2025-08-20 09:03:38.021 +03:00 [INF] Executed endpoint 'BRGateway24.Controllers.TokenController.Generate (BRGateway24)'
2025-08-20 09:03:38.045 +03:00 [INF] Request finished HTTP/1.1 POST http://localhost:5263/Token/Login - 200 null application/json; charset=utf-8 1194.5334ms
2025-08-20 09:10:05.125 +03:00 [INF] Request starting HTTP/1.1 POST http://localhost:5263/Token/Login - application/json 178
2025-08-20 09:10:05.139 +03:00 [INF] Executing endpoint 'BRGateway24.Controllers.TokenController.Generate (BRGateway24)'
2025-08-20 09:10:05.142 +03:00 [INF] Route matched with {action = "Generate", controller = "Token"}. Executing controller action with signature System.Threading.Tasks.Task`1[Microsoft.AspNetCore.Mvc.IActionResult] Generate(BRGateway24.Models.HeaderRequest) on controller BRGateway24.Controllers.TokenController (BRGateway24).
2025-08-20 09:10:05.178 +03:00 [INF] AuthenticateUser list: [
  {
    "LanguageID": "en",
    "Password": "g2yOsPr8JUgneu8n2JVIloW4mH5NXV1/qHvd7zKcpAU=",
    "TimeLoggedIn": "2025-08-20T08:50:00",
    "IPAddress": "127.0.0.1",
    "LoginFailureIPAddress": null,
    "RoleID": "GMOPS",
    "Status": 1,
    "SessionID": "51971865-dc27-426b-b4f7-d6dd1fb6ed5fBRNET_KCBL14EKIJA127.0.0.1",
    "UserID": "0000025",
    "Username": "EKIJA",
    "Firstname": "EKIJA",
    "Lastname": "EKIJA",
    "Email": "",
    "PhoneNumber": "",
    "ProfilePic": "/upload/blank-person.png",
    "OutputJSON": null
  }
]
2025-08-20 09:10:05.184 +03:00 [INF] Executing OkObjectResult, writing value of type 'BRGateway24.Models.LoginReq'.
2025-08-20 09:10:05.187 +03:00 [INF] Executed action BRGateway24.Controllers.TokenController.Generate (BRGateway24) in 40.5611ms
2025-08-20 09:10:05.199 +03:00 [INF] Executed endpoint 'BRGateway24.Controllers.TokenController.Generate (BRGateway24)'
2025-08-20 09:10:05.216 +03:00 [INF] Request finished HTTP/1.1 POST http://localhost:5263/Token/Login - 200 null application/json; charset=utf-8 90.825ms
2025-08-20 09:11:53.765 +03:00 [INF] Request starting HTTP/1.1 POST http://localhost:5263/Token/Login - application/json 175
2025-08-20 09:11:53.770 +03:00 [INF] Executing endpoint 'BRGateway24.Controllers.TokenController.Generate (BRGateway24)'
2025-08-20 09:11:53.773 +03:00 [INF] Route matched with {action = "Generate", controller = "Token"}. Executing controller action with signature System.Threading.Tasks.Task`1[Microsoft.AspNetCore.Mvc.IActionResult] Generate(BRGateway24.Models.HeaderRequest) on controller BRGateway24.Controllers.TokenController (BRGateway24).
2025-08-20 09:11:53.791 +03:00 [INF] AuthenticateUser list: [
  {
    "LanguageID": "en",
    "Password": "g2yOsPr8JUgneu8n2JVIloW4mH5NXV1/qHvd7zKcpAU=",
    "TimeLoggedIn": "2025-08-20T08:50:00",
    "IPAddress": "127.0.0.1",
    "LoginFailureIPAddress": null,
    "RoleID": "GMOPS",
    "Status": 1,
    "SessionID": "51971865-dc27-426b-b4f7-d6dd1fb6ed5fBRNET_KCBL14EKIJA127.0.0.1",
    "UserID": "0000025",
    "Username": "EKIJA",
    "Firstname": "EKIJA",
    "Lastname": "EKIJA",
    "Email": "",
    "PhoneNumber": "",
    "ProfilePic": "/upload/blank-person.png",
    "OutputJSON": null
  }
]
2025-08-20 09:11:53.800 +03:00 [INF] Executing OkObjectResult, writing value of type 'BRGateway24.Models.LoginReq'.
2025-08-20 09:11:53.813 +03:00 [INF] Executed action BRGateway24.Controllers.TokenController.Generate (BRGateway24) in 35.9018ms
2025-08-20 09:11:53.836 +03:00 [INF] Executed endpoint 'BRGateway24.Controllers.TokenController.Generate (BRGateway24)'
2025-08-20 09:11:53.839 +03:00 [INF] Request finished HTTP/1.1 POST http://localhost:5263/Token/Login - 200 null application/json; charset=utf-8 73.9066ms
2025-08-20 09:12:19.068 +03:00 [INF] Request starting HTTP/1.1 GET http://localhost:5263/v1/MX/interface/participants/businessDate - null null
2025-08-20 09:12:19.075 +03:00 [INF] Executing endpoint 'TISSParticipantController.GetBusinessDate (BRGateway24)'
2025-08-20 09:12:19.082 +03:00 [INF] Route matched with {action = "GetBusinessDate", controller = "TISSParticipant"}. Executing controller action with signature System.Threading.Tasks.Task`1[Microsoft.AspNetCore.Mvc.IActionResult] GetBusinessDate() on controller TISSParticipantController (BRGateway24).
2025-08-20 09:12:19.648 +03:00 [INF] Sending GET request to interface/participants/businessDate
2025-08-20 09:12:40.824 +03:00 [ERR] Error sending request to TISS server for endpoint: interface/participants/businessDate
System.Net.Http.HttpRequestException: A connection attempt failed because the connected party did not properly respond after a period of time, or established connection failed because connected host has failed to respond. (196.46.101.90:8443)
 ---> System.Net.Sockets.SocketException (10060): A connection attempt failed because the connected party did not properly respond after a period of time, or established connection failed because connected host has failed to respond.
   at System.Net.Sockets.Socket.AwaitableSocketAsyncEventArgs.ThrowException(SocketError error, CancellationToken cancellationToken)
   at System.Net.Sockets.Socket.AwaitableSocketAsyncEventArgs.System.Threading.Tasks.Sources.IValueTaskSource.GetResult(Int16 token)
   at System.Net.Sockets.Socket.<ConnectAsync>g__WaitForConnectWithCancellation|285_0(AwaitableSocketAsyncEventArgs saea, ValueTask connectTask, CancellationToken cancellationToken)
   at System.Net.Http.HttpConnectionPool.ConnectToTcpHostAsync(String host, Int32 port, HttpRequestMessage initialRequest, Boolean async, CancellationToken cancellationToken)
   --- End of inner exception stack trace ---
   at System.Net.Http.HttpConnectionPool.ConnectToTcpHostAsync(String host, Int32 port, HttpRequestMessage initialRequest, Boolean async, CancellationToken cancellationToken)
   at System.Net.Http.HttpConnectionPool.ConnectAsync(HttpRequestMessage request, Boolean async, CancellationToken cancellationToken)
   at System.Net.Http.HttpConnectionPool.CreateHttp11ConnectionAsync(HttpRequestMessage request, Boolean async, CancellationToken cancellationToken)
   at System.Net.Http.HttpConnectionPool.AddHttp11ConnectionAsync(QueueItem queueItem)
   at System.Threading.Tasks.TaskCompletionSourceWithCancellation`1.WaitWithCancellationAsync(CancellationToken cancellationToken)
   at System.Net.Http.HttpConnectionPool.HttpConnectionWaiter`1.WaitForConnectionWithTelemetryAsync(HttpRequestMessage request, HttpConnectionPool pool, Boolean async, CancellationToken requestCancellationToken)
   at System.Net.Http.HttpConnectionPool.SendWithVersionDetectionAndRetryAsync(HttpRequestMessage request, Boolean async, Boolean doRequestAuth, CancellationToken cancellationToken)
   at System.Net.Http.DiagnosticsHandler.SendAsyncCore(HttpRequestMessage request, Boolean async, CancellationToken cancellationToken)
   at System.Net.Http.RedirectHandler.SendAsync(HttpRequestMessage request, Boolean async, CancellationToken cancellationToken)
   at System.Net.Http.HttpClient.<SendAsync>g__Core|83_0(HttpRequestMessage request, HttpCompletionOption completionOption, CancellationTokenSource cts, Boolean disposeCts, CancellationTokenSource pendingRequestsCts, CancellationToken originalCancellationToken)
   at BRGateway24.Repository.TISS.TissClientService.SendRequestAsync(String endpoint, HttpMethod method, TissApiHeaders headers, String content) in C:\Users\alex.ndegwa\Desktop\BRNET\TISS\BRGateway24\Repository\TISS\TissClientService.cs:line 91
2025-08-20 09:12:40.915 +03:00 [ERR] Error in GetBusinessDateAsync
System.Net.Http.HttpRequestException: A connection attempt failed because the connected party did not properly respond after a period of time, or established connection failed because connected host has failed to respond. (196.46.101.90:8443)
 ---> System.Net.Sockets.SocketException (10060): A connection attempt failed because the connected party did not properly respond after a period of time, or established connection failed because connected host has failed to respond.
   at System.Net.Sockets.Socket.AwaitableSocketAsyncEventArgs.ThrowException(SocketError error, CancellationToken cancellationToken)
   at System.Net.Sockets.Socket.AwaitableSocketAsyncEventArgs.System.Threading.Tasks.Sources.IValueTaskSource.GetResult(Int16 token)
   at System.Net.Sockets.Socket.<ConnectAsync>g__WaitForConnectWithCancellation|285_0(AwaitableSocketAsyncEventArgs saea, ValueTask connectTask, CancellationToken cancellationToken)
   at System.Net.Http.HttpConnectionPool.ConnectToTcpHostAsync(String host, Int32 port, HttpRequestMessage initialRequest, Boolean async, CancellationToken cancellationToken)
   --- End of inner exception stack trace ---
   at System.Net.Http.HttpConnectionPool.ConnectToTcpHostAsync(String host, Int32 port, HttpRequestMessage initialRequest, Boolean async, CancellationToken cancellationToken)
   at System.Net.Http.HttpConnectionPool.ConnectAsync(HttpRequestMessage request, Boolean async, CancellationToken cancellationToken)
   at System.Net.Http.HttpConnectionPool.CreateHttp11ConnectionAsync(HttpRequestMessage request, Boolean async, CancellationToken cancellationToken)
   at System.Net.Http.HttpConnectionPool.AddHttp11ConnectionAsync(QueueItem queueItem)
   at System.Threading.Tasks.TaskCompletionSourceWithCancellation`1.WaitWithCancellationAsync(CancellationToken cancellationToken)
   at System.Net.Http.HttpConnectionPool.HttpConnectionWaiter`1.WaitForConnectionWithTelemetryAsync(HttpRequestMessage request, HttpConnectionPool pool, Boolean async, CancellationToken requestCancellationToken)
   at System.Net.Http.HttpConnectionPool.SendWithVersionDetectionAndRetryAsync(HttpRequestMessage request, Boolean async, Boolean doRequestAuth, CancellationToken cancellationToken)
   at System.Net.Http.DiagnosticsHandler.SendAsyncCore(HttpRequestMessage request, Boolean async, CancellationToken cancellationToken)
   at System.Net.Http.RedirectHandler.SendAsync(HttpRequestMessage request, Boolean async, CancellationToken cancellationToken)
   at System.Net.Http.HttpClient.<SendAsync>g__Core|83_0(HttpRequestMessage request, HttpCompletionOption completionOption, CancellationTokenSource cts, Boolean disposeCts, CancellationTokenSource pendingRequestsCts, CancellationToken originalCancellationToken)
   at BRGateway24.Repository.TISS.TissClientService.SendRequestAsync(String endpoint, HttpMethod method, TissApiHeaders headers, String content) in C:\Users\alex.ndegwa\Desktop\BRNET\TISS\BRGateway24\Repository\TISS\TissClientService.cs:line 91
   at BRGateway24.Repository.TISS.TISSParticipantRepo.GetBusinessDateAsync(TissApiHeaders headers) in C:\Users\alex.ndegwa\Desktop\BRNET\TISS\BRGateway24\Repository\TISS\TISSParticipantRepo.cs:line 162
2025-08-20 09:12:41.106 +03:00 [INF] Executing ObjectResult, writing value of type '<>f__AnonymousType5`4[[System.String, System.Private.CoreLib, Version=8.0.0.0, Culture=neutral, PublicKeyToken=7cec85d7bea7798e],[System.String, System.Private.CoreLib, Version=8.0.0.0, Culture=neutral, PublicKeyToken=7cec85d7bea7798e],[System.String, System.Private.CoreLib, Version=8.0.0.0, Culture=neutral, PublicKeyToken=7cec85d7bea7798e],[System.DateTime, System.Private.CoreLib, Version=8.0.0.0, Culture=neutral, PublicKeyToken=7cec85d7bea7798e]]'.
2025-08-20 09:12:41.115 +03:00 [INF] Executed action TISSParticipantController.GetBusinessDate (BRGateway24) in 22028.8588ms
2025-08-20 09:12:41.119 +03:00 [INF] Executed endpoint 'TISSParticipantController.GetBusinessDate (BRGateway24)'
2025-08-20 09:12:41.124 +03:00 [INF] Request finished HTTP/1.1 GET http://localhost:5263/v1/MX/interface/participants/businessDate - 500 null application/json; charset=utf-8 22055.3403ms
2025-08-20 09:19:40.791 +03:00 [INF] Request starting HTTP/1.1 POST http://localhost:5263/Token/Login - application/json 175
2025-08-20 09:19:40.797 +03:00 [INF] Executing endpoint 'BRGateway24.Controllers.TokenController.Generate (BRGateway24)'
2025-08-20 09:19:40.800 +03:00 [INF] Route matched with {action = "Generate", controller = "Token"}. Executing controller action with signature System.Threading.Tasks.Task`1[Microsoft.AspNetCore.Mvc.IActionResult] Generate(BRGateway24.Models.HeaderRequest) on controller BRGateway24.Controllers.TokenController (BRGateway24).
2025-08-20 09:19:40.847 +03:00 [INF] AuthenticateUser list: [
  {
    "LanguageID": "en",
    "Password": "g2yOsPr8JUgneu8n2JVIloW4mH5NXV1/qHvd7zKcpAU=",
    "TimeLoggedIn": "2025-08-20T09:16:00",
    "IPAddress": "127.0.0.1",
    "LoginFailureIPAddress": null,
    "RoleID": "GMOPS",
    "Status": 1,
    "SessionID": "6b85ba21-93ff-44f8-998f-1f5fec4bc71bBRNET_KCBL14EKIJA127.0.0.1",
    "UserID": "0000025",
    "Username": "EKIJA",
    "Firstname": "EKIJA",
    "Lastname": "EKIJA",
    "Email": "",
    "PhoneNumber": "",
    "ProfilePic": "/upload/blank-person.png",
    "OutputJSON": null
  }
]
2025-08-20 09:19:40.851 +03:00 [INF] Executing OkObjectResult, writing value of type 'BRGateway24.Models.LoginReq'.
2025-08-20 09:19:40.855 +03:00 [INF] Executed action BRGateway24.Controllers.TokenController.Generate (BRGateway24) in 51.9263ms
2025-08-20 09:19:40.882 +03:00 [INF] Executed endpoint 'BRGateway24.Controllers.TokenController.Generate (BRGateway24)'
2025-08-20 09:19:40.890 +03:00 [INF] Request finished HTTP/1.1 POST http://localhost:5263/Token/Login - 200 null application/json; charset=utf-8 99.1521ms
2025-08-20 09:20:07.074 +03:00 [INF] Request starting HTTP/1.1 GET http://localhost:5263/v1/MX/interface/participants/currentTimetableEvent - null null
2025-08-20 09:20:07.082 +03:00 [INF] Executing endpoint 'TISSParticipantController.GetCurrentTimetableEvent (BRGateway24)'
2025-08-20 09:20:07.086 +03:00 [INF] Route matched with {action = "GetCurrentTimetableEvent", controller = "TISSParticipant"}. Executing controller action with signature System.Threading.Tasks.Task`1[Microsoft.AspNetCore.Mvc.IActionResult] GetCurrentTimetableEvent() on controller TISSParticipantController (BRGateway24).
2025-08-20 09:20:07.316 +03:00 [INF] Sending GET request to interface/participants/currentTimetableEvent
2025-08-20 09:20:28.412 +03:00 [ERR] Error sending request to TISS server for endpoint: interface/participants/currentTimetableEvent
System.Net.Http.HttpRequestException: A connection attempt failed because the connected party did not properly respond after a period of time, or established connection failed because connected host has failed to respond. (196.46.101.90:8443)
 ---> System.Net.Sockets.SocketException (10060): A connection attempt failed because the connected party did not properly respond after a period of time, or established connection failed because connected host has failed to respond.
   at System.Net.Sockets.Socket.AwaitableSocketAsyncEventArgs.ThrowException(SocketError error, CancellationToken cancellationToken)
   at System.Net.Sockets.Socket.AwaitableSocketAsyncEventArgs.System.Threading.Tasks.Sources.IValueTaskSource.GetResult(Int16 token)
   at System.Net.Sockets.Socket.<ConnectAsync>g__WaitForConnectWithCancellation|285_0(AwaitableSocketAsyncEventArgs saea, ValueTask connectTask, CancellationToken cancellationToken)
   at System.Net.Http.HttpConnectionPool.ConnectToTcpHostAsync(String host, Int32 port, HttpRequestMessage initialRequest, Boolean async, CancellationToken cancellationToken)
   --- End of inner exception stack trace ---
   at System.Net.Http.HttpConnectionPool.ConnectToTcpHostAsync(String host, Int32 port, HttpRequestMessage initialRequest, Boolean async, CancellationToken cancellationToken)
   at System.Net.Http.HttpConnectionPool.ConnectAsync(HttpRequestMessage request, Boolean async, CancellationToken cancellationToken)
   at System.Net.Http.HttpConnectionPool.CreateHttp11ConnectionAsync(HttpRequestMessage request, Boolean async, CancellationToken cancellationToken)
   at System.Net.Http.HttpConnectionPool.AddHttp11ConnectionAsync(QueueItem queueItem)
   at System.Threading.Tasks.TaskCompletionSourceWithCancellation`1.WaitWithCancellationAsync(CancellationToken cancellationToken)
   at System.Net.Http.HttpConnectionPool.HttpConnectionWaiter`1.WaitForConnectionWithTelemetryAsync(HttpRequestMessage request, HttpConnectionPool pool, Boolean async, CancellationToken requestCancellationToken)
   at System.Net.Http.HttpConnectionPool.SendWithVersionDetectionAndRetryAsync(HttpRequestMessage request, Boolean async, Boolean doRequestAuth, CancellationToken cancellationToken)
   at System.Net.Http.DiagnosticsHandler.SendAsyncCore(HttpRequestMessage request, Boolean async, CancellationToken cancellationToken)
   at System.Net.Http.RedirectHandler.SendAsync(HttpRequestMessage request, Boolean async, CancellationToken cancellationToken)
   at System.Net.Http.HttpClient.<SendAsync>g__Core|83_0(HttpRequestMessage request, HttpCompletionOption completionOption, CancellationTokenSource cts, Boolean disposeCts, CancellationTokenSource pendingRequestsCts, CancellationToken originalCancellationToken)
   at BRGateway24.Repository.TISS.TissClientService.SendRequestAsync(String endpoint, HttpMethod method, TissApiHeaders headers, String content) in C:\Users\alex.ndegwa\Desktop\BRNET\TISS\BRGateway24\Repository\TISS\TissClientService.cs:line 91
2025-08-20 09:20:28.488 +03:00 [ERR] Error in GetCurrentTimetableEventAsync
System.Net.Http.HttpRequestException: A connection attempt failed because the connected party did not properly respond after a period of time, or established connection failed because connected host has failed to respond. (196.46.101.90:8443)
 ---> System.Net.Sockets.SocketException (10060): A connection attempt failed because the connected party did not properly respond after a period of time, or established connection failed because connected host has failed to respond.
   at System.Net.Sockets.Socket.AwaitableSocketAsyncEventArgs.ThrowException(SocketError error, CancellationToken cancellationToken)
   at System.Net.Sockets.Socket.AwaitableSocketAsyncEventArgs.System.Threading.Tasks.Sources.IValueTaskSource.GetResult(Int16 token)
   at System.Net.Sockets.Socket.<ConnectAsync>g__WaitForConnectWithCancellation|285_0(AwaitableSocketAsyncEventArgs saea, ValueTask connectTask, CancellationToken cancellationToken)
   at System.Net.Http.HttpConnectionPool.ConnectToTcpHostAsync(String host, Int32 port, HttpRequestMessage initialRequest, Boolean async, CancellationToken cancellationToken)
   --- End of inner exception stack trace ---
   at System.Net.Http.HttpConnectionPool.ConnectToTcpHostAsync(String host, Int32 port, HttpRequestMessage initialRequest, Boolean async, CancellationToken cancellationToken)
   at System.Net.Http.HttpConnectionPool.ConnectAsync(HttpRequestMessage request, Boolean async, CancellationToken cancellationToken)
   at System.Net.Http.HttpConnectionPool.CreateHttp11ConnectionAsync(HttpRequestMessage request, Boolean async, CancellationToken cancellationToken)
   at System.Net.Http.HttpConnectionPool.AddHttp11ConnectionAsync(QueueItem queueItem)
   at System.Threading.Tasks.TaskCompletionSourceWithCancellation`1.WaitWithCancellationAsync(CancellationToken cancellationToken)
   at System.Net.Http.HttpConnectionPool.HttpConnectionWaiter`1.WaitForConnectionWithTelemetryAsync(HttpRequestMessage request, HttpConnectionPool pool, Boolean async, CancellationToken requestCancellationToken)
   at System.Net.Http.HttpConnectionPool.SendWithVersionDetectionAndRetryAsync(HttpRequestMessage request, Boolean async, Boolean doRequestAuth, CancellationToken cancellationToken)
   at System.Net.Http.DiagnosticsHandler.SendAsyncCore(HttpRequestMessage request, Boolean async, CancellationToken cancellationToken)
   at System.Net.Http.RedirectHandler.SendAsync(HttpRequestMessage request, Boolean async, CancellationToken cancellationToken)
   at System.Net.Http.HttpClient.<SendAsync>g__Core|83_0(HttpRequestMessage request, HttpCompletionOption completionOption, CancellationTokenSource cts, Boolean disposeCts, CancellationTokenSource pendingRequestsCts, CancellationToken originalCancellationToken)
   at BRGateway24.Repository.TISS.TissClientService.SendRequestAsync(String endpoint, HttpMethod method, TissApiHeaders headers, String content) in C:\Users\alex.ndegwa\Desktop\BRNET\TISS\BRGateway24\Repository\TISS\TissClientService.cs:line 91
   at BRGateway24.Repository.TISS.TISSParticipantRepo.GetCurrentTimetableEventAsync(TissApiHeaders headers) in C:\Users\alex.ndegwa\Desktop\BRNET\TISS\BRGateway24\Repository\TISS\TISSParticipantRepo.cs:line 223
2025-08-20 09:20:28.661 +03:00 [INF] Executing ObjectResult, writing value of type '<>f__AnonymousType5`4[[System.String, System.Private.CoreLib, Version=8.0.0.0, Culture=neutral, PublicKeyToken=7cec85d7bea7798e],[System.String, System.Private.CoreLib, Version=8.0.0.0, Culture=neutral, PublicKeyToken=7cec85d7bea7798e],[System.String, System.Private.CoreLib, Version=8.0.0.0, Culture=neutral, PublicKeyToken=7cec85d7bea7798e],[System.DateTime, System.Private.CoreLib, Version=8.0.0.0, Culture=neutral, PublicKeyToken=7cec85d7bea7798e]]'.
2025-08-20 09:20:28.667 +03:00 [INF] Executed action TISSParticipantController.GetCurrentTimetableEvent (BRGateway24) in 21577.1852ms
2025-08-20 09:20:28.673 +03:00 [INF] Executed endpoint 'TISSParticipantController.GetCurrentTimetableEvent (BRGateway24)'
2025-08-20 09:20:28.677 +03:00 [INF] Request finished HTTP/1.1 GET http://localhost:5263/v1/MX/interface/participants/currentTimetableEvent - 500 null application/json; charset=utf-8 21602.7528ms
2025-08-20 09:26:27.424 +03:00 [INF] Request starting HTTP/1.1 POST http://localhost:5263/Token/Login - application/json 175
2025-08-20 09:26:27.432 +03:00 [INF] Executing endpoint 'BRGateway24.Controllers.TokenController.Generate (BRGateway24)'
2025-08-20 09:26:27.436 +03:00 [INF] Route matched with {action = "Generate", controller = "Token"}. Executing controller action with signature System.Threading.Tasks.Task`1[Microsoft.AspNetCore.Mvc.IActionResult] Generate(BRGateway24.Models.HeaderRequest) on controller BRGateway24.Controllers.TokenController (BRGateway24).
2025-08-20 09:26:27.470 +03:00 [INF] AuthenticateUser list: [
  {
    "LanguageID": "en",
    "Password": "g2yOsPr8JUgneu8n2JVIloW4mH5NXV1/qHvd7zKcpAU=",
    "TimeLoggedIn": "2025-08-20T09:26:00",
    "IPAddress": "",
    "LoginFailureIPAddress": null,
    "RoleID": "GMOPS",
    "Status": 1,
    "SessionID": "",
    "UserID": "0000025",
    "Username": "EKIJA",
    "Firstname": "EKIJA",
    "Lastname": "EKIJA",
    "Email": "",
    "PhoneNumber": "",
    "ProfilePic": "/upload/blank-person.png",
    "OutputJSON": null
  }
]
2025-08-20 09:26:27.477 +03:00 [INF] Executing OkObjectResult, writing value of type 'BRGateway24.Models.LoginReq'.
2025-08-20 09:26:27.508 +03:00 [INF] Executed action BRGateway24.Controllers.TokenController.Generate (BRGateway24) in 65.9244ms
2025-08-20 09:26:27.533 +03:00 [INF] Executed endpoint 'BRGateway24.Controllers.TokenController.Generate (BRGateway24)'
2025-08-20 09:26:27.539 +03:00 [INF] Request finished HTTP/1.1 POST http://localhost:5263/Token/Login - 200 null application/json; charset=utf-8 115.215ms
2025-08-20 09:26:33.807 +03:00 [INF] Request starting HTTP/1.1 POST http://localhost:5263/v1/MX/interface/participants/message - application/json 80
2025-08-20 09:26:33.818 +03:00 [INF] Executing endpoint 'TISSParticipantController.PostMessage (BRGateway24)'
2025-08-20 09:26:33.844 +03:00 [INF] Route matched with {action = "PostMessage", controller = "TISSParticipant"}. Executing controller action with signature System.Threading.Tasks.Task`1[Microsoft.AspNetCore.Mvc.IActionResult] PostMessage(BRGateway24.Models.TissSendMessageRequest) on controller TISSParticipantController (BRGateway24).
2025-08-20 09:26:34.046 +03:00 [INF] Executing UnauthorizedObjectResult, writing value of type '<>f__AnonymousType0`2[[System.String, System.Private.CoreLib, Version=8.0.0.0, Culture=neutral, PublicKeyToken=7cec85d7bea7798e],[System.String, System.Private.CoreLib, Version=8.0.0.0, Culture=neutral, PublicKeyToken=7cec85d7bea7798e]]'.
2025-08-20 09:26:34.056 +03:00 [INF] Executed action TISSParticipantController.PostMessage (BRGateway24) in 196.4219ms
2025-08-20 09:26:34.060 +03:00 [INF] Executed endpoint 'TISSParticipantController.PostMessage (BRGateway24)'
2025-08-20 09:26:34.066 +03:00 [INF] Request finished HTTP/1.1 POST http://localhost:5263/v1/MX/interface/participants/message - 401 null application/json; charset=utf-8 258.2525ms
2025-08-20 09:26:59.158 +03:00 [INF] Request starting HTTP/1.1 POST http://localhost:5263/v1/MX/interface/participants/message - application/json 80
2025-08-20 09:26:59.173 +03:00 [INF] Executing endpoint 'TISSParticipantController.PostMessage (BRGateway24)'
2025-08-20 09:26:59.180 +03:00 [INF] Route matched with {action = "PostMessage", controller = "TISSParticipant"}. Executing controller action with signature System.Threading.Tasks.Task`1[Microsoft.AspNetCore.Mvc.IActionResult] PostMessage(BRGateway24.Models.TissSendMessageRequest) on controller TISSParticipantController (BRGateway24).
2025-08-20 09:26:59.573 +03:00 [INF] Sending message with Reference: string
2025-08-20 09:26:59.741 +03:00 [INF] Executing ObjectResult, writing value of type '<>f__AnonymousType5`4[[System.String, System.Private.CoreLib, Version=8.0.0.0, Culture=neutral, PublicKeyToken=7cec85d7bea7798e],[System.String, System.Private.CoreLib, Version=8.0.0.0, Culture=neutral, PublicKeyToken=7cec85d7bea7798e],[System.String, System.Private.CoreLib, Version=8.0.0.0, Culture=neutral, PublicKeyToken=7cec85d7bea7798e],[System.DateTime, System.Private.CoreLib, Version=8.0.0.0, Culture=neutral, PublicKeyToken=7cec85d7bea7798e]]'.
2025-08-20 09:26:59.751 +03:00 [INF] Executed action TISSParticipantController.PostMessage (BRGateway24) in 558.8344ms
2025-08-20 09:26:59.757 +03:00 [INF] Executed endpoint 'TISSParticipantController.PostMessage (BRGateway24)'
2025-08-20 09:26:59.762 +03:00 [INF] Request finished HTTP/1.1 POST http://localhost:5263/v1/MX/interface/participants/message - 400 null application/json; charset=utf-8 604.5461ms
2025-08-20 09:30:05.028 +03:00 [INF] Request starting HTTP/1.1 GET http://localhost:5263/v1/MX/interface/participants/pendingTransactions - null null
2025-08-20 09:30:05.037 +03:00 [INF] Executing endpoint 'TISSParticipantController.GetPendingTransactions (BRGateway24)'
2025-08-20 09:30:05.053 +03:00 [INF] Route matched with {action = "GetPendingTransactions", controller = "TISSParticipant"}. Executing controller action with signature System.Threading.Tasks.Task`1[Microsoft.AspNetCore.Mvc.IActionResult] GetPendingTransactions() on controller TISSParticipantController (BRGateway24).
2025-08-20 09:30:05.093 +03:00 [INF] Sending GET request to interface/participants/pendingTransactions
2025-08-20 09:30:26.327 +03:00 [ERR] Error sending request to TISS server for endpoint: interface/participants/pendingTransactions
System.Net.Http.HttpRequestException: A connection attempt failed because the connected party did not properly respond after a period of time, or established connection failed because connected host has failed to respond. (196.46.101.90:8443)
 ---> System.Net.Sockets.SocketException (10060): A connection attempt failed because the connected party did not properly respond after a period of time, or established connection failed because connected host has failed to respond.
   at System.Net.Sockets.Socket.AwaitableSocketAsyncEventArgs.ThrowException(SocketError error, CancellationToken cancellationToken)
   at System.Net.Sockets.Socket.AwaitableSocketAsyncEventArgs.System.Threading.Tasks.Sources.IValueTaskSource.GetResult(Int16 token)
   at System.Net.Sockets.Socket.<ConnectAsync>g__WaitForConnectWithCancellation|285_0(AwaitableSocketAsyncEventArgs saea, ValueTask connectTask, CancellationToken cancellationToken)
   at System.Net.Http.HttpConnectionPool.ConnectToTcpHostAsync(String host, Int32 port, HttpRequestMessage initialRequest, Boolean async, CancellationToken cancellationToken)
   --- End of inner exception stack trace ---
   at System.Net.Http.HttpConnectionPool.ConnectToTcpHostAsync(String host, Int32 port, HttpRequestMessage initialRequest, Boolean async, CancellationToken cancellationToken)
   at System.Net.Http.HttpConnectionPool.ConnectAsync(HttpRequestMessage request, Boolean async, CancellationToken cancellationToken)
   at System.Net.Http.HttpConnectionPool.CreateHttp11ConnectionAsync(HttpRequestMessage request, Boolean async, CancellationToken cancellationToken)
   at System.Net.Http.HttpConnectionPool.AddHttp11ConnectionAsync(QueueItem queueItem)
   at System.Threading.Tasks.TaskCompletionSourceWithCancellation`1.WaitWithCancellationAsync(CancellationToken cancellationToken)
   at System.Net.Http.HttpConnectionPool.HttpConnectionWaiter`1.WaitForConnectionWithTelemetryAsync(HttpRequestMessage request, HttpConnectionPool pool, Boolean async, CancellationToken requestCancellationToken)
   at System.Net.Http.HttpConnectionPool.SendWithVersionDetectionAndRetryAsync(HttpRequestMessage request, Boolean async, Boolean doRequestAuth, CancellationToken cancellationToken)
   at System.Net.Http.DiagnosticsHandler.SendAsyncCore(HttpRequestMessage request, Boolean async, CancellationToken cancellationToken)
   at System.Net.Http.RedirectHandler.SendAsync(HttpRequestMessage request, Boolean async, CancellationToken cancellationToken)
   at System.Net.Http.HttpClient.<SendAsync>g__Core|83_0(HttpRequestMessage request, HttpCompletionOption completionOption, CancellationTokenSource cts, Boolean disposeCts, CancellationTokenSource pendingRequestsCts, CancellationToken originalCancellationToken)
   at BRGateway24.Repository.TISS.TissClientService.SendRequestAsync(String endpoint, HttpMethod method, TissApiHeaders headers, String content) in C:\Users\alex.ndegwa\Desktop\BRNET\TISS\BRGateway24\Repository\TISS\TissClientService.cs:line 91
2025-08-20 09:30:26.767 +03:00 [ERR] Error in GetPendingTransactionsAsync
System.Net.Http.HttpRequestException: A connection attempt failed because the connected party did not properly respond after a period of time, or established connection failed because connected host has failed to respond. (196.46.101.90:8443)
 ---> System.Net.Sockets.SocketException (10060): A connection attempt failed because the connected party did not properly respond after a period of time, or established connection failed because connected host has failed to respond.
   at System.Net.Sockets.Socket.AwaitableSocketAsyncEventArgs.ThrowException(SocketError error, CancellationToken cancellationToken)
   at System.Net.Sockets.Socket.AwaitableSocketAsyncEventArgs.System.Threading.Tasks.Sources.IValueTaskSource.GetResult(Int16 token)
   at System.Net.Sockets.Socket.<ConnectAsync>g__WaitForConnectWithCancellation|285_0(AwaitableSocketAsyncEventArgs saea, ValueTask connectTask, CancellationToken cancellationToken)
   at System.Net.Http.HttpConnectionPool.ConnectToTcpHostAsync(String host, Int32 port, HttpRequestMessage initialRequest, Boolean async, CancellationToken cancellationToken)
   --- End of inner exception stack trace ---
   at System.Net.Http.HttpConnectionPool.ConnectToTcpHostAsync(String host, Int32 port, HttpRequestMessage initialRequest, Boolean async, CancellationToken cancellationToken)
   at System.Net.Http.HttpConnectionPool.ConnectAsync(HttpRequestMessage request, Boolean async, CancellationToken cancellationToken)
   at System.Net.Http.HttpConnectionPool.CreateHttp11ConnectionAsync(HttpRequestMessage request, Boolean async, CancellationToken cancellationToken)
   at System.Net.Http.HttpConnectionPool.AddHttp11ConnectionAsync(QueueItem queueItem)
   at System.Threading.Tasks.TaskCompletionSourceWithCancellation`1.WaitWithCancellationAsync(CancellationToken cancellationToken)
   at System.Net.Http.HttpConnectionPool.HttpConnectionWaiter`1.WaitForConnectionWithTelemetryAsync(HttpRequestMessage request, HttpConnectionPool pool, Boolean async, CancellationToken requestCancellationToken)
   at System.Net.Http.HttpConnectionPool.SendWithVersionDetectionAndRetryAsync(HttpRequestMessage request, Boolean async, Boolean doRequestAuth, CancellationToken cancellationToken)
   at System.Net.Http.DiagnosticsHandler.SendAsyncCore(HttpRequestMessage request, Boolean async, CancellationToken cancellationToken)
   at System.Net.Http.RedirectHandler.SendAsync(HttpRequestMessage request, Boolean async, CancellationToken cancellationToken)
   at System.Net.Http.HttpClient.<SendAsync>g__Core|83_0(HttpRequestMessage request, HttpCompletionOption completionOption, CancellationTokenSource cts, Boolean disposeCts, CancellationTokenSource pendingRequestsCts, CancellationToken originalCancellationToken)
   at BRGateway24.Repository.TISS.TissClientService.SendRequestAsync(String endpoint, HttpMethod method, TissApiHeaders headers, String content) in C:\Users\alex.ndegwa\Desktop\BRNET\TISS\BRGateway24\Repository\TISS\TissClientService.cs:line 91
   at BRGateway24.Repository.TISS.TISSParticipantRepo.GetPendingTransactionsAsync(TissApiHeaders headers) in C:\Users\alex.ndegwa\Desktop\BRNET\TISS\BRGateway24\Repository\TISS\TISSParticipantRepo.cs:line 285
2025-08-20 09:30:27.141 +03:00 [INF] Executing ObjectResult, writing value of type '<>f__AnonymousType5`4[[System.String, System.Private.CoreLib, Version=8.0.0.0, Culture=neutral, PublicKeyToken=7cec85d7bea7798e],[System.String, System.Private.CoreLib, Version=8.0.0.0, Culture=neutral, PublicKeyToken=7cec85d7bea7798e],[System.String, System.Private.CoreLib, Version=8.0.0.0, Culture=neutral, PublicKeyToken=7cec85d7bea7798e],[System.DateTime, System.Private.CoreLib, Version=8.0.0.0, Culture=neutral, PublicKeyToken=7cec85d7bea7798e]]'.
2025-08-20 09:30:27.147 +03:00 [INF] Executed action TISSParticipantController.GetPendingTransactions (BRGateway24) in 22086.6026ms
2025-08-20 09:30:27.151 +03:00 [INF] Executed endpoint 'TISSParticipantController.GetPendingTransactions (BRGateway24)'
2025-08-20 09:30:27.155 +03:00 [INF] Request finished HTTP/1.1 GET http://localhost:5263/v1/MX/interface/participants/pendingTransactions - 500 null application/json; charset=utf-8 22127.1027ms
2025-08-20 09:32:35.003 +03:00 [INF] Request starting HTTP/1.1 GET http://localhost:5263/v1/MX/interface/participants/accountsActivity - null null
2025-08-20 09:32:35.017 +03:00 [INF] Executing endpoint 'TISSParticipantController.GetAccountsActivity (BRGateway24)'
2025-08-20 09:32:35.026 +03:00 [INF] Route matched with {action = "GetAccountsActivity", controller = "TISSParticipant"}. Executing controller action with signature System.Threading.Tasks.Task`1[Microsoft.AspNetCore.Mvc.IActionResult] GetAccountsActivity(System.String, System.String, System.String) on controller TISSParticipantController (BRGateway24).
2025-08-20 09:32:35.112 +03:00 [INF] Executing UnauthorizedObjectResult, writing value of type '<>f__AnonymousType0`2[[System.String, System.Private.CoreLib, Version=8.0.0.0, Culture=neutral, PublicKeyToken=7cec85d7bea7798e],[System.String, System.Private.CoreLib, Version=8.0.0.0, Culture=neutral, PublicKeyToken=7cec85d7bea7798e]]'.
2025-08-20 09:32:35.122 +03:00 [INF] Executed action TISSParticipantController.GetAccountsActivity (BRGateway24) in 84.5968ms
2025-08-20 09:32:35.137 +03:00 [INF] Executed endpoint 'TISSParticipantController.GetAccountsActivity (BRGateway24)'
2025-08-20 09:32:35.146 +03:00 [INF] Request finished HTTP/1.1 GET http://localhost:5263/v1/MX/interface/participants/accountsActivity - 401 null application/json; charset=utf-8 143.6518ms
2025-08-20 09:33:13.371 +03:00 [INF] Request starting HTTP/1.1 GET http://localhost:5263/v1/MX/interface/participants/accountsActivity?accountId=5667778&fromDate=00-9-8999&toDate=7-8-0078 - null null
2025-08-20 09:33:13.378 +03:00 [INF] Executing endpoint 'TISSParticipantController.GetAccountsActivity (BRGateway24)'
2025-08-20 09:33:13.380 +03:00 [INF] Route matched with {action = "GetAccountsActivity", controller = "TISSParticipant"}. Executing controller action with signature System.Threading.Tasks.Task`1[Microsoft.AspNetCore.Mvc.IActionResult] GetAccountsActivity(System.String, System.String, System.String) on controller TISSParticipantController (BRGateway24).
2025-08-20 09:33:13.458 +03:00 [INF] Executing UnauthorizedObjectResult, writing value of type '<>f__AnonymousType0`2[[System.String, System.Private.CoreLib, Version=8.0.0.0, Culture=neutral, PublicKeyToken=7cec85d7bea7798e],[System.String, System.Private.CoreLib, Version=8.0.0.0, Culture=neutral, PublicKeyToken=7cec85d7bea7798e]]'.
2025-08-20 09:33:13.468 +03:00 [INF] Executed action TISSParticipantController.GetAccountsActivity (BRGateway24) in 83.3946ms
2025-08-20 09:33:13.491 +03:00 [INF] Executed endpoint 'TISSParticipantController.GetAccountsActivity (BRGateway24)'
2025-08-20 09:33:13.498 +03:00 [INF] Request finished HTTP/1.1 GET http://localhost:5263/v1/MX/interface/participants/accountsActivity?accountId=5667778&fromDate=00-9-8999&toDate=7-8-0078 - 401 null application/json; charset=utf-8 127.9828ms
2025-08-20 09:35:21.721 +03:00 [INF] Now listening on: http://localhost:5263
2025-08-20 09:35:22.010 +03:00 [INF] Application started. Press Ctrl+C to shut down.
2025-08-20 09:35:22.014 +03:00 [INF] Hosting environment: Development
2025-08-20 09:35:22.017 +03:00 [INF] Content root path: C:\Users\alex.ndegwa\Desktop\BRNET\TISS\BRGateway24
2025-08-20 09:35:22.782 +03:00 [INF] Request starting HTTP/1.1 GET http://localhost:5263/_vs/browserLink - null null
2025-08-20 09:35:22.784 +03:00 [INF] Request starting HTTP/1.1 GET http://localhost:5263/_framework/aspnetcore-browser-refresh.js - null null
2025-08-20 09:35:22.842 +03:00 [INF] Request finished HTTP/1.1 GET http://localhost:5263/_framework/aspnetcore-browser-refresh.js - 200 13757 application/javascript; charset=utf-8 73.8893ms
2025-08-20 09:35:22.923 +03:00 [INF] Request finished HTTP/1.1 GET http://localhost:5263/_vs/browserLink - 200 null text/javascript; charset=UTF-8 160.7136ms
2025-08-20 09:35:22.992 +03:00 [INF] Request starting HTTP/1.1 GET http://localhost:5263/swagger/v1/swagger.json - null null
2025-08-20 09:35:23.085 +03:00 [INF] Request finished HTTP/1.1 GET http://localhost:5263/swagger/v1/swagger.json - 200 null application/json;charset=utf-8 93.5554ms
2025-08-20 09:35:51.068 +03:00 [INF] Request starting HTTP/1.1 POST http://localhost:5263/Token/Login - application/json 175
2025-08-20 09:35:51.113 +03:00 [WRN] Failed to determine the https port for redirect.
2025-08-20 09:35:51.127 +03:00 [INF] Executing endpoint 'BRGateway24.Controllers.TokenController.Generate (BRGateway24)'
2025-08-20 09:35:51.192 +03:00 [INF] Route matched with {action = "Generate", controller = "Token"}. Executing controller action with signature System.Threading.Tasks.Task`1[Microsoft.AspNetCore.Mvc.IActionResult] Generate(BRGateway24.Models.HeaderRequest) on controller BRGateway24.Controllers.TokenController (BRGateway24).
2025-08-20 09:35:51.465 +03:00 [INF] AuthenticateUser list: [
  {
    "LanguageID": "en",
    "Password": "g2yOsPr8JUgneu8n2JVIloW4mH5NXV1/qHvd7zKcpAU=",
    "TimeLoggedIn": "2025-08-20T09:35:00",
    "IPAddress": "172.16.2.58",
    "LoginFailureIPAddress": null,
    "RoleID": "GMOPS",
    "Status": 1,
    "SessionID": "cce52614-6a5a-428f-afb9-dc7b8a8549ebBRNET_LIVE14EKIJA172.16.2.58",
    "UserID": "0000025",
    "Username": "EKIJA",
    "Firstname": "EKIJA",
    "Lastname": "EKIJA",
    "Email": "",
    "PhoneNumber": "",
    "ProfilePic": "/upload/blank-person.png",
    "OutputJSON": null
  }
]
2025-08-20 09:35:51.716 +03:00 [INF] Executing OkObjectResult, writing value of type 'BRGateway24.Models.LoginReq'.
2025-08-20 09:35:51.746 +03:00 [INF] Executed action BRGateway24.Controllers.TokenController.Generate (BRGateway24) in 538.6494ms
2025-08-20 09:35:51.755 +03:00 [INF] Executed endpoint 'BRGateway24.Controllers.TokenController.Generate (BRGateway24)'
2025-08-20 09:35:51.762 +03:00 [INF] Request finished HTTP/1.1 POST http://localhost:5263/Token/Login - 200 null application/json; charset=utf-8 694.0846ms
2025-08-20 09:39:11.808 +03:00 [INF] Now listening on: http://localhost:5263
2025-08-20 09:39:11.981 +03:00 [INF] Application started. Press Ctrl+C to shut down.
2025-08-20 09:39:11.985 +03:00 [INF] Hosting environment: Development
2025-08-20 09:39:11.988 +03:00 [INF] Content root path: C:\Users\alex.ndegwa\Desktop\BRNET\TISS\BRGateway24
2025-08-20 09:39:12.543 +03:00 [INF] Request starting HTTP/1.1 GET http://localhost:5263/_vs/browserLink - null null
2025-08-20 09:39:12.544 +03:00 [INF] Request starting HTTP/1.1 GET http://localhost:5263/_framework/aspnetcore-browser-refresh.js - null null
2025-08-20 09:39:12.590 +03:00 [INF] Request finished HTTP/1.1 GET http://localhost:5263/_framework/aspnetcore-browser-refresh.js - 200 13757 application/javascript; charset=utf-8 59.2383ms
2025-08-20 09:39:12.727 +03:00 [INF] Request finished HTTP/1.1 GET http://localhost:5263/_vs/browserLink - 200 null text/javascript; charset=UTF-8 197.6718ms
2025-08-20 09:39:12.821 +03:00 [INF] Request starting HTTP/1.1 GET http://localhost:5263/swagger/v1/swagger.json - null null
2025-08-20 09:39:12.903 +03:00 [INF] Request finished HTTP/1.1 GET http://localhost:5263/swagger/v1/swagger.json - 200 null application/json;charset=utf-8 81.5278ms
2025-08-20 09:39:32.324 +03:00 [INF] Request starting HTTP/1.1 POST http://localhost:5263/Token/Login - application/json 175
2025-08-20 09:39:32.375 +03:00 [WRN] Failed to determine the https port for redirect.
2025-08-20 09:39:32.384 +03:00 [INF] Executing endpoint 'BRGateway24.Controllers.TokenController.Generate (BRGateway24)'
2025-08-20 09:39:32.431 +03:00 [INF] Route matched with {action = "Generate", controller = "Token"}. Executing controller action with signature System.Threading.Tasks.Task`1[Microsoft.AspNetCore.Mvc.IActionResult] Generate(BRGateway24.Models.HeaderRequest) on controller BRGateway24.Controllers.TokenController (BRGateway24).
2025-08-20 09:39:32.737 +03:00 [INF] AuthenticateUser list: [
  {
    "LanguageID": "en",
    "Password": "g2yOsPr8JUgneu8n2JVIloW4mH5NXV1/qHvd7zKcpAU=",
    "TimeLoggedIn": "2025-08-20T09:35:00",
    "IPAddress": "172.16.2.58",
    "LoginFailureIPAddress": null,
    "RoleID": "GMOPS",
    "Status": 1,
    "SessionID": "cce52614-6a5a-428f-afb9-dc7b8a8549ebBRNET_LIVE14EKIJA172.16.2.58",
    "UserID": "0000025",
    "Username": "EKIJA",
    "Firstname": "EKIJA",
    "Lastname": "EKIJA",
    "Email": "",
    "PhoneNumber": "",
    "ProfilePic": "/upload/blank-person.png",
    "OutputJSON": null
  }
]
2025-08-20 09:39:33.015 +03:00 [INF] Executing OkObjectResult, writing value of type 'BRGateway24.Models.LoginReq'.
2025-08-20 09:39:33.046 +03:00 [INF] Executed action BRGateway24.Controllers.TokenController.Generate (BRGateway24) in 599.0072ms
2025-08-20 09:39:33.051 +03:00 [INF] Executed endpoint 'BRGateway24.Controllers.TokenController.Generate (BRGateway24)'
2025-08-20 09:39:33.055 +03:00 [INF] Request finished HTTP/1.1 POST http://localhost:5263/Token/Login - 200 null application/json; charset=utf-8 731.5009ms
2025-08-20 09:46:58.187 +03:00 [INF] Now listening on: http://localhost:5263
2025-08-20 09:46:58.861 +03:00 [INF] Application started. Press Ctrl+C to shut down.
2025-08-20 09:46:58.866 +03:00 [INF] Hosting environment: Development
2025-08-20 09:46:58.869 +03:00 [INF] Content root path: C:\Users\alex.ndegwa\Desktop\BRNET\TISS\BRGateway24
2025-08-20 09:46:59.727 +03:00 [INF] Request starting HTTP/1.1 GET http://localhost:5263/_framework/aspnetcore-browser-refresh.js - null null
2025-08-20 09:46:59.728 +03:00 [INF] Request starting HTTP/1.1 GET http://localhost:5263/_vs/browserLink - null null
2025-08-20 09:46:59.768 +03:00 [INF] Request finished HTTP/1.1 GET http://localhost:5263/_framework/aspnetcore-browser-refresh.js - 200 13758 application/javascript; charset=utf-8 58.9351ms
2025-08-20 09:46:59.989 +03:00 [INF] Request finished HTTP/1.1 GET http://localhost:5263/_vs/browserLink - 200 null text/javascript; charset=UTF-8 283.1807ms
2025-08-20 09:47:00.130 +03:00 [INF] Request starting HTTP/1.1 GET http://localhost:5263/swagger/v1/swagger.json - null null
2025-08-20 09:47:00.206 +03:00 [INF] Request finished HTTP/1.1 GET http://localhost:5263/swagger/v1/swagger.json - 200 null application/json;charset=utf-8 76.6257ms
2025-08-20 09:47:24.423 +03:00 [INF] Request starting HTTP/1.1 POST http://localhost:5263/Token/Login - application/json 178
2025-08-20 09:47:24.464 +03:00 [WRN] Failed to determine the https port for redirect.
2025-08-20 09:47:24.471 +03:00 [INF] Executing endpoint 'BRGateway24.Controllers.TokenController.Generate (BRGateway24)'
2025-08-20 09:47:24.502 +03:00 [INF] Route matched with {action = "Generate", controller = "Token"}. Executing controller action with signature System.Threading.Tasks.Task`1[Microsoft.AspNetCore.Mvc.IActionResult] Generate(BRGateway24.Models.HeaderRequest) on controller BRGateway24.Controllers.TokenController (BRGateway24).
2025-08-20 09:47:34.332 +03:00 [INF] AuthenticateUser list: [
  {
    "LanguageID": "en",
    "Password": "g2yOsPr8JUgneu8n2JVIloW4mH5NXV1/qHvd7zKcpAU=",
    "TimeLoggedIn": "2025-08-20T09:35:00",
    "IPAddress": "172.16.2.58",
    "LoginFailureIPAddress": null,
    "RoleID": "GMOPS",
    "Status": 1,
    "SessionID": "cce52614-6a5a-428f-afb9-dc7b8a8549ebBRNET_LIVE14EKIJA172.16.2.58",
    "UserID": "0000025",
    "Username": "EKIJA",
    "Firstname": "EKIJA",
    "Lastname": "EKIJA",
    "Email": "",
    "PhoneNumber": "",
    "ProfilePic": "/upload/blank-person.png",
    "OutputJSON": null
  }
]
2025-08-20 09:47:34.593 +03:00 [INF] Executing OkObjectResult, writing value of type 'BRGateway24.Models.LoginReq'.
2025-08-20 09:47:34.625 +03:00 [INF] Executed action BRGateway24.Controllers.TokenController.Generate (BRGateway24) in 10109.4729ms
2025-08-20 09:47:34.634 +03:00 [INF] Executed endpoint 'BRGateway24.Controllers.TokenController.Generate (BRGateway24)'
2025-08-20 09:47:34.642 +03:00 [INF] Request finished HTTP/1.1 POST http://localhost:5263/Token/Login - 200 null application/json; charset=utf-8 10218.0737ms
2025-08-20 09:51:12.525 +03:00 [INF] Request starting HTTP/1.1 POST http://localhost:5263/Token/Login - application/json 178
2025-08-20 09:51:12.554 +03:00 [INF] Executing endpoint 'BRGateway24.Controllers.TokenController.Generate (BRGateway24)'
2025-08-20 09:51:12.561 +03:00 [INF] Route matched with {action = "Generate", controller = "Token"}. Executing controller action with signature System.Threading.Tasks.Task`1[Microsoft.AspNetCore.Mvc.IActionResult] Generate(BRGateway24.Models.HeaderRequest) on controller BRGateway24.Controllers.TokenController (BRGateway24).
2025-08-20 09:52:10.872 +03:00 [INF] Executing UnauthorizedObjectResult, writing value of type '<>f__AnonymousType0`2[[System.String, System.Private.CoreLib, Version=8.0.0.0, Culture=neutral, PublicKeyToken=7cec85d7bea7798e],[System.String, System.Private.CoreLib, Version=8.0.0.0, Culture=neutral, PublicKeyToken=7cec85d7bea7798e]]'.
2025-08-20 09:52:10.881 +03:00 [INF] Executed action BRGateway24.Controllers.TokenController.Generate (BRGateway24) in 58310.7761ms
2025-08-20 09:52:10.885 +03:00 [INF] Executed endpoint 'BRGateway24.Controllers.TokenController.Generate (BRGateway24)'
2025-08-20 09:52:10.888 +03:00 [INF] Request finished HTTP/1.1 POST http://localhost:5263/Token/Login - 401 null application/json; charset=utf-8 58362.9166ms
2025-08-20 09:52:18.337 +03:00 [INF] Request starting HTTP/1.1 POST http://localhost:5263/Token/Login - application/json 178
2025-08-20 09:52:18.358 +03:00 [INF] Executing endpoint 'BRGateway24.Controllers.TokenController.Generate (BRGateway24)'
2025-08-20 09:52:18.363 +03:00 [INF] Route matched with {action = "Generate", controller = "Token"}. Executing controller action with signature System.Threading.Tasks.Task`1[Microsoft.AspNetCore.Mvc.IActionResult] Generate(BRGateway24.Models.HeaderRequest) on controller BRGateway24.Controllers.TokenController (BRGateway24).
2025-08-20 09:52:25.746 +03:00 [INF] AuthenticateUser list: [
  {
    "LanguageID": "en",
    "Password": "g2yOsPr8JUgneu8n2JVIloW4mH5NXV1/qHvd7zKcpAU=",
    "TimeLoggedIn": "2025-08-20T09:35:00",
    "IPAddress": "172.16.2.58",
    "LoginFailureIPAddress": null,
    "RoleID": "GMOPS",
    "Status": 1,
    "SessionID": "cce52614-6a5a-428f-afb9-dc7b8a8549ebBRNET_LIVE14EKIJA172.16.2.58",
    "UserID": "0000025",
    "Username": "EKIJA",
    "Firstname": "EKIJA",
    "Lastname": "EKIJA",
    "Email": "",
    "PhoneNumber": "",
    "ProfilePic": "/upload/blank-person.png",
    "OutputJSON": null
  }
]
2025-08-20 09:52:25.760 +03:00 [INF] Executing OkObjectResult, writing value of type 'BRGateway24.Models.LoginReq'.
2025-08-20 09:52:25.771 +03:00 [INF] Executed action BRGateway24.Controllers.TokenController.Generate (BRGateway24) in 7400.6635ms
2025-08-20 09:52:25.814 +03:00 [INF] Executed endpoint 'BRGateway24.Controllers.TokenController.Generate (BRGateway24)'
2025-08-20 09:52:25.820 +03:00 [INF] Request finished HTTP/1.1 POST http://localhost:5263/Token/Login - 200 null application/json; charset=utf-8 7483.1504ms
2025-08-20 09:53:42.659 +03:00 [INF] Request starting HTTP/1.1 GET http://localhost:5263/v1/MX/interface/participants/businessDate - null null
2025-08-20 09:53:42.683 +03:00 [INF] Executing endpoint 'TISSParticipantController.GetBusinessDate (BRGateway24)'
2025-08-20 09:53:42.696 +03:00 [INF] Route matched with {action = "GetBusinessDate", controller = "TISSParticipant"}. Executing controller action with signature System.Threading.Tasks.Task`1[Microsoft.AspNetCore.Mvc.IActionResult] GetBusinessDate() on controller TISSParticipantController (BRGateway24).
2025-08-20 09:53:44.963 +03:00 [INF] Sending GET request to interface/participants/businessDate
2025-08-20 09:54:06.268 +03:00 [ERR] Error sending request to TISS server for endpoint: interface/participants/businessDate
System.Net.Http.HttpRequestException: A connection attempt failed because the connected party did not properly respond after a period of time, or established connection failed because connected host has failed to respond. (196.46.101.90:8443)
 ---> System.Net.Sockets.SocketException (10060): A connection attempt failed because the connected party did not properly respond after a period of time, or established connection failed because connected host has failed to respond.
   at System.Net.Sockets.Socket.AwaitableSocketAsyncEventArgs.ThrowException(SocketError error, CancellationToken cancellationToken)
   at System.Net.Sockets.Socket.AwaitableSocketAsyncEventArgs.System.Threading.Tasks.Sources.IValueTaskSource.GetResult(Int16 token)
   at System.Net.Sockets.Socket.<ConnectAsync>g__WaitForConnectWithCancellation|285_0(AwaitableSocketAsyncEventArgs saea, ValueTask connectTask, CancellationToken cancellationToken)
   at System.Net.Http.HttpConnectionPool.ConnectToTcpHostAsync(String host, Int32 port, HttpRequestMessage initialRequest, Boolean async, CancellationToken cancellationToken)
   --- End of inner exception stack trace ---
   at System.Net.Http.HttpConnectionPool.ConnectToTcpHostAsync(String host, Int32 port, HttpRequestMessage initialRequest, Boolean async, CancellationToken cancellationToken)
   at System.Net.Http.HttpConnectionPool.ConnectAsync(HttpRequestMessage request, Boolean async, CancellationToken cancellationToken)
   at System.Net.Http.HttpConnectionPool.CreateHttp11ConnectionAsync(HttpRequestMessage request, Boolean async, CancellationToken cancellationToken)
   at System.Net.Http.HttpConnectionPool.AddHttp11ConnectionAsync(QueueItem queueItem)
   at System.Threading.Tasks.TaskCompletionSourceWithCancellation`1.WaitWithCancellationAsync(CancellationToken cancellationToken)
   at System.Net.Http.HttpConnectionPool.HttpConnectionWaiter`1.WaitForConnectionWithTelemetryAsync(HttpRequestMessage request, HttpConnectionPool pool, Boolean async, CancellationToken requestCancellationToken)
   at System.Net.Http.HttpConnectionPool.SendWithVersionDetectionAndRetryAsync(HttpRequestMessage request, Boolean async, Boolean doRequestAuth, CancellationToken cancellationToken)
   at System.Net.Http.DiagnosticsHandler.SendAsyncCore(HttpRequestMessage request, Boolean async, CancellationToken cancellationToken)
   at System.Net.Http.RedirectHandler.SendAsync(HttpRequestMessage request, Boolean async, CancellationToken cancellationToken)
   at System.Net.Http.HttpClient.<SendAsync>g__Core|83_0(HttpRequestMessage request, HttpCompletionOption completionOption, CancellationTokenSource cts, Boolean disposeCts, CancellationTokenSource pendingRequestsCts, CancellationToken originalCancellationToken)
   at BRGateway24.Repository.TISS.TissClientService.SendRequestAsync(String endpoint, HttpMethod method, TissApiHeaders headers, String content) in C:\Users\alex.ndegwa\Desktop\BRNET\TISS\BRGateway24\Repository\TISS\TissClientService.cs:line 91
2025-08-20 09:54:06.502 +03:00 [ERR] Error in GetBusinessDateAsync
System.Net.Http.HttpRequestException: A connection attempt failed because the connected party did not properly respond after a period of time, or established connection failed because connected host has failed to respond. (196.46.101.90:8443)
 ---> System.Net.Sockets.SocketException (10060): A connection attempt failed because the connected party did not properly respond after a period of time, or established connection failed because connected host has failed to respond.
   at System.Net.Sockets.Socket.AwaitableSocketAsyncEventArgs.ThrowException(SocketError error, CancellationToken cancellationToken)
   at System.Net.Sockets.Socket.AwaitableSocketAsyncEventArgs.System.Threading.Tasks.Sources.IValueTaskSource.GetResult(Int16 token)
   at System.Net.Sockets.Socket.<ConnectAsync>g__WaitForConnectWithCancellation|285_0(AwaitableSocketAsyncEventArgs saea, ValueTask connectTask, CancellationToken cancellationToken)
   at System.Net.Http.HttpConnectionPool.ConnectToTcpHostAsync(String host, Int32 port, HttpRequestMessage initialRequest, Boolean async, CancellationToken cancellationToken)
   --- End of inner exception stack trace ---
   at System.Net.Http.HttpConnectionPool.ConnectToTcpHostAsync(String host, Int32 port, HttpRequestMessage initialRequest, Boolean async, CancellationToken cancellationToken)
   at System.Net.Http.HttpConnectionPool.ConnectAsync(HttpRequestMessage request, Boolean async, CancellationToken cancellationToken)
   at System.Net.Http.HttpConnectionPool.CreateHttp11ConnectionAsync(HttpRequestMessage request, Boolean async, CancellationToken cancellationToken)
   at System.Net.Http.HttpConnectionPool.AddHttp11ConnectionAsync(QueueItem queueItem)
   at System.Threading.Tasks.TaskCompletionSourceWithCancellation`1.WaitWithCancellationAsync(CancellationToken cancellationToken)
   at System.Net.Http.HttpConnectionPool.HttpConnectionWaiter`1.WaitForConnectionWithTelemetryAsync(HttpRequestMessage request, HttpConnectionPool pool, Boolean async, CancellationToken requestCancellationToken)
   at System.Net.Http.HttpConnectionPool.SendWithVersionDetectionAndRetryAsync(HttpRequestMessage request, Boolean async, Boolean doRequestAuth, CancellationToken cancellationToken)
   at System.Net.Http.DiagnosticsHandler.SendAsyncCore(HttpRequestMessage request, Boolean async, CancellationToken cancellationToken)
   at System.Net.Http.RedirectHandler.SendAsync(HttpRequestMessage request, Boolean async, CancellationToken cancellationToken)
   at System.Net.Http.HttpClient.<SendAsync>g__Core|83_0(HttpRequestMessage request, HttpCompletionOption completionOption, CancellationTokenSource cts, Boolean disposeCts, CancellationTokenSource pendingRequestsCts, CancellationToken originalCancellationToken)
   at BRGateway24.Repository.TISS.TissClientService.SendRequestAsync(String endpoint, HttpMethod method, TissApiHeaders headers, String content) in C:\Users\alex.ndegwa\Desktop\BRNET\TISS\BRGateway24\Repository\TISS\TissClientService.cs:line 91
   at BRGateway24.Repository.TISS.TISSParticipantRepo.GetBusinessDateAsync(TissApiHeaders headers) in C:\Users\alex.ndegwa\Desktop\BRNET\TISS\BRGateway24\Repository\TISS\TISSParticipantRepo.cs:line 162
2025-08-20 09:54:08.662 +03:00 [INF] Executing ObjectResult, writing value of type '<>f__AnonymousType5`4[[System.String, System.Private.CoreLib, Version=8.0.0.0, Culture=neutral, PublicKeyToken=7cec85d7bea7798e],[System.String, System.Private.CoreLib, Version=8.0.0.0, Culture=neutral, PublicKeyToken=7cec85d7bea7798e],[System.String, System.Private.CoreLib, Version=8.0.0.0, Culture=neutral, PublicKeyToken=7cec85d7bea7798e],[System.DateTime, System.Private.CoreLib, Version=8.0.0.0, Culture=neutral, PublicKeyToken=7cec85d7bea7798e]]'.
2025-08-20 09:54:08.682 +03:00 [INF] Executed action TISSParticipantController.GetBusinessDate (BRGateway24) in 25978.3024ms
2025-08-20 09:54:08.691 +03:00 [INF] Executed endpoint 'TISSParticipantController.GetBusinessDate (BRGateway24)'
2025-08-20 09:54:08.700 +03:00 [INF] Request finished HTTP/1.1 GET http://localhost:5263/v1/MX/interface/participants/businessDate - 500 null application/json; charset=utf-8 26042.4679ms
2025-08-20 11:35:38.920 +03:00 [INF] Now listening on: http://localhost:5263
2025-08-20 11:35:39.058 +03:00 [INF] Application started. Press Ctrl+C to shut down.
2025-08-20 11:35:39.062 +03:00 [INF] Hosting environment: Development
2025-08-20 11:35:39.064 +03:00 [INF] Content root path: C:\Users\alex.ndegwa\Desktop\BRNET\TISS\BRGateway24
2025-08-20 11:35:40.048 +03:00 [INF] Request starting HTTP/1.1 GET http://localhost:5263/_framework/aspnetcore-browser-refresh.js - null null
2025-08-20 11:35:40.045 +03:00 [INF] Request starting HTTP/1.1 GET http://localhost:5263/_vs/browserLink - null null
2025-08-20 11:35:40.116 +03:00 [INF] Request finished HTTP/1.1 GET http://localhost:5263/_framework/aspnetcore-browser-refresh.js - 200 13758 application/javascript; charset=utf-8 85.5674ms
2025-08-20 11:35:40.364 +03:00 [INF] Request finished HTTP/1.1 GET http://localhost:5263/_vs/browserLink - 200 null text/javascript; charset=UTF-8 337.0294ms
2025-08-20 11:35:40.456 +03:00 [INF] Request starting HTTP/1.1 GET http://localhost:5263/swagger/v1/swagger.json - null null
2025-08-20 11:35:40.541 +03:00 [INF] Request finished HTTP/1.1 GET http://localhost:5263/swagger/v1/swagger.json - 200 null application/json;charset=utf-8 85.2562ms
2025-08-20 11:36:15.021 +03:00 [INF] Request starting HTTP/1.1 GET http://localhost:5263/v1/MX/interface/participants/businessDate - null null
2025-08-20 11:36:15.056 +03:00 [WRN] Failed to determine the https port for redirect.
2025-08-20 11:36:15.064 +03:00 [INF] Executing endpoint 'TISSParticipantController.GetBusinessDate (BRGateway24)'
2025-08-20 11:36:15.099 +03:00 [INF] Route matched with {action = "GetBusinessDate", controller = "TISSParticipant"}. Executing controller action with signature System.Threading.Tasks.Task`1[Microsoft.AspNetCore.Mvc.IActionResult] GetBusinessDate() on controller TISSParticipantController (BRGateway24).
2025-08-20 11:36:17.258 +03:00 [INF] Using mock TISS service for endpoint: interface/participants/businessDate
2025-08-20 11:36:17.907 +03:00 [INF] Executing ObjectResult, writing value of type '<>f__AnonymousType5`4[[System.String, System.Private.CoreLib, Version=8.0.0.0, Culture=neutral, PublicKeyToken=7cec85d7bea7798e],[System.String, System.Private.CoreLib, Version=8.0.0.0, Culture=neutral, PublicKeyToken=7cec85d7bea7798e],[System.String, System.Private.CoreLib, Version=8.0.0.0, Culture=neutral, PublicKeyToken=7cec85d7bea7798e],[System.DateTime, System.Private.CoreLib, Version=8.0.0.0, Culture=neutral, PublicKeyToken=7cec85d7bea7798e]]'.
2025-08-20 11:36:18.011 +03:00 [INF] Executed action TISSParticipantController.GetBusinessDate (BRGateway24) in 2886.4949ms
2025-08-20 11:36:18.021 +03:00 [INF] Executed endpoint 'TISSParticipantController.GetBusinessDate (BRGateway24)'
2025-08-20 11:36:18.032 +03:00 [INF] Request finished HTTP/1.1 GET http://localhost:5263/v1/MX/interface/participants/businessDate - 404 null application/json; charset=utf-8 3011.0098ms
2025-08-20 11:36:56.599 +03:00 [INF] Request starting HTTP/1.1 GET http://localhost:5263/v1/MX/interface/participants/accountsActivity?accountId=5667778&fromDate=00-9-8999&toDate=7-8-0078 - null null
2025-08-20 11:36:56.614 +03:00 [INF] Executing endpoint 'TISSParticipantController.GetAccountsActivity (BRGateway24)'
2025-08-20 11:36:56.655 +03:00 [INF] Route matched with {action = "GetAccountsActivity", controller = "TISSParticipant"}. Executing controller action with signature System.Threading.Tasks.Task`1[Microsoft.AspNetCore.Mvc.IActionResult] GetAccountsActivity(System.String, System.String, System.String) on controller TISSParticipantController (BRGateway24).
2025-08-20 11:36:58.039 +03:00 [INF] Using mock TISS service for endpoint: interface/participants/accountsActivity&accountId=5667778&toDate=0078-07-08
2025-08-20 11:36:58.409 +03:00 [INF] Executing ObjectResult, writing value of type '<>f__AnonymousType5`4[[System.String, System.Private.CoreLib, Version=8.0.0.0, Culture=neutral, PublicKeyToken=7cec85d7bea7798e],[System.String, System.Private.CoreLib, Version=8.0.0.0, Culture=neutral, PublicKeyToken=7cec85d7bea7798e],[System.String, System.Private.CoreLib, Version=8.0.0.0, Culture=neutral, PublicKeyToken=7cec85d7bea7798e],[System.DateTime, System.Private.CoreLib, Version=8.0.0.0, Culture=neutral, PublicKeyToken=7cec85d7bea7798e]]'.
2025-08-20 11:36:58.417 +03:00 [INF] Executed action TISSParticipantController.GetAccountsActivity (BRGateway24) in 1756.3541ms
2025-08-20 11:36:58.424 +03:00 [INF] Executed endpoint 'TISSParticipantController.GetAccountsActivity (BRGateway24)'
2025-08-20 11:36:58.430 +03:00 [INF] Request finished HTTP/1.1 GET http://localhost:5263/v1/MX/interface/participants/accountsActivity?accountId=5667778&fromDate=00-9-8999&toDate=7-8-0078 - 404 null application/json; charset=utf-8 1831.0376ms
2025-08-20 11:55:43.299 +03:00 [INF] Now listening on: http://localhost:5263
2025-08-20 11:55:43.420 +03:00 [INF] Application started. Press Ctrl+C to shut down.
2025-08-20 11:55:43.424 +03:00 [INF] Hosting environment: Development
2025-08-20 11:55:43.426 +03:00 [INF] Content root path: C:\Users\alex.ndegwa\Desktop\BRNET\TISS\BRGateway24
2025-08-20 11:55:44.297 +03:00 [INF] Request starting HTTP/1.1 GET http://localhost:5263/_vs/browserLink - null null
2025-08-20 11:55:44.298 +03:00 [INF] Request starting HTTP/1.1 GET http://localhost:5263/_framework/aspnetcore-browser-refresh.js - null null
2025-08-20 11:55:44.362 +03:00 [INF] Request finished HTTP/1.1 GET http://localhost:5263/_framework/aspnetcore-browser-refresh.js - 200 13758 application/javascript; charset=utf-8 70.7676ms
2025-08-20 11:55:44.437 +03:00 [INF] Request finished HTTP/1.1 GET http://localhost:5263/_vs/browserLink - 200 null text/javascript; charset=UTF-8 158.723ms
2025-08-20 11:55:44.531 +03:00 [INF] Request starting HTTP/1.1 GET http://localhost:5263/swagger/v1/swagger.json - null null
2025-08-20 11:55:44.593 +03:00 [INF] Request finished HTTP/1.1 GET http://localhost:5263/swagger/v1/swagger.json - 200 null application/json;charset=utf-8 62.8474ms
2025-08-20 11:55:48.169 +03:00 [INF] Request starting HTTP/1.1 GET http://localhost:5263/v1/MX/interface/participants/accountsActivity?accountId=5667778&fromDate=00-9-8999&toDate=7-8-0078 - null null
2025-08-20 11:55:48.207 +03:00 [WRN] Failed to determine the https port for redirect.
2025-08-20 11:55:48.219 +03:00 [INF] Executing endpoint 'TISSParticipantController.GetAccountsActivity (BRGateway24)'
2025-08-20 11:55:48.255 +03:00 [INF] Route matched with {action = "GetAccountsActivity", controller = "TISSParticipant"}. Executing controller action with signature System.Threading.Tasks.Task`1[Microsoft.AspNetCore.Mvc.IActionResult] GetAccountsActivity(System.String, System.String, System.String) on controller TISSParticipantController (BRGateway24).
2025-08-20 11:55:48.931 +03:00 [INF] Using mock TISS service for endpoint: interface/participants/accountsActivity&accountId=5667778&toDate=0078-07-08
2025-08-20 11:55:49.109 +03:00 [INF] Executing ObjectResult, writing value of type '<>f__AnonymousType5`4[[System.String, System.Private.CoreLib, Version=8.0.0.0, Culture=neutral, PublicKeyToken=7cec85d7bea7798e],[System.String, System.Private.CoreLib, Version=8.0.0.0, Culture=neutral, PublicKeyToken=7cec85d7bea7798e],[System.String, System.Private.CoreLib, Version=8.0.0.0, Culture=neutral, PublicKeyToken=7cec85d7bea7798e],[System.DateTime, System.Private.CoreLib, Version=8.0.0.0, Culture=neutral, PublicKeyToken=7cec85d7bea7798e]]'.
2025-08-20 11:55:49.152 +03:00 [INF] Executed action TISSParticipantController.GetAccountsActivity (BRGateway24) in 885.1957ms
2025-08-20 11:55:49.162 +03:00 [INF] Executed endpoint 'TISSParticipantController.GetAccountsActivity (BRGateway24)'
2025-08-20 11:55:49.173 +03:00 [INF] Request finished HTTP/1.1 GET http://localhost:5263/v1/MX/interface/participants/accountsActivity?accountId=5667778&fromDate=00-9-8999&toDate=7-8-0078 - 404 null application/json; charset=utf-8 1003.8404ms
2025-08-20 11:56:01.037 +03:00 [INF] Request starting HTTP/1.1 GET http://localhost:5263/v1/MX/interface/participants/businessDate - null null
2025-08-20 11:56:01.054 +03:00 [INF] Executing endpoint 'TISSParticipantController.GetBusinessDate (BRGateway24)'
2025-08-20 11:56:01.066 +03:00 [INF] Route matched with {action = "GetBusinessDate", controller = "TISSParticipant"}. Executing controller action with signature System.Threading.Tasks.Task`1[Microsoft.AspNetCore.Mvc.IActionResult] GetBusinessDate() on controller TISSParticipantController (BRGateway24).
2025-08-20 11:56:01.218 +03:00 [INF] Using mock TISS service for endpoint: interface/participants/businessDate
2025-08-20 11:56:01.227 +03:00 [INF] Mock TISS: Returning business date for currency: TZS
2025-08-20 11:56:01.372 +03:00 [INF] Executing ObjectResult, writing value of type '<>f__AnonymousType5`4[[System.String, System.Private.CoreLib, Version=8.0.0.0, Culture=neutral, PublicKeyToken=7cec85d7bea7798e],[System.String, System.Private.CoreLib, Version=8.0.0.0, Culture=neutral, PublicKeyToken=7cec85d7bea7798e],[System.String, System.Private.CoreLib, Version=8.0.0.0, Culture=neutral, PublicKeyToken=7cec85d7bea7798e],[System.DateTime, System.Private.CoreLib, Version=8.0.0.0, Culture=neutral, PublicKeyToken=7cec85d7bea7798e]]'.
2025-08-20 11:56:01.384 +03:00 [INF] Executed action TISSParticipantController.GetBusinessDate (BRGateway24) in 310.2588ms
2025-08-20 11:56:01.391 +03:00 [INF] Executed endpoint 'TISSParticipantController.GetBusinessDate (BRGateway24)'
2025-08-20 11:56:01.398 +03:00 [INF] Request finished HTTP/1.1 GET http://localhost:5263/v1/MX/interface/participants/businessDate - 200 null application/json; charset=utf-8 361.0721ms
2025-08-20 11:56:36.363 +03:00 [INF] Request starting HTTP/1.1 GET http://localhost:5263/v1/MX/interface/participants/currentTimetableEvent - null null
2025-08-20 11:56:36.373 +03:00 [INF] Executing endpoint 'TISSParticipantController.GetCurrentTimetableEvent (BRGateway24)'
2025-08-20 11:56:36.385 +03:00 [INF] Route matched with {action = "GetCurrentTimetableEvent", controller = "TISSParticipant"}. Executing controller action with signature System.Threading.Tasks.Task`1[Microsoft.AspNetCore.Mvc.IActionResult] GetCurrentTimetableEvent() on controller TISSParticipantController (BRGateway24).
2025-08-20 11:56:37.253 +03:00 [INF] Using mock TISS service for endpoint: interface/participants/currentTimetableEvent
2025-08-20 11:56:37.262 +03:00 [INF] Mock TISS: Returning current timetable event for currency: TZS
2025-08-20 11:56:37.638 +03:00 [INF] Executing ObjectResult, writing value of type '<>f__AnonymousType5`4[[System.String, System.Private.CoreLib, Version=8.0.0.0, Culture=neutral, PublicKeyToken=7cec85d7bea7798e],[System.String, System.Private.CoreLib, Version=8.0.0.0, Culture=neutral, PublicKeyToken=7cec85d7bea7798e],[System.String, System.Private.CoreLib, Version=8.0.0.0, Culture=neutral, PublicKeyToken=7cec85d7bea7798e],[System.DateTime, System.Private.CoreLib, Version=8.0.0.0, Culture=neutral, PublicKeyToken=7cec85d7bea7798e]]'.
2025-08-20 11:56:37.647 +03:00 [INF] Executed action TISSParticipantController.GetCurrentTimetableEvent (BRGateway24) in 1251.235ms
2025-08-20 11:56:37.655 +03:00 [INF] Executed endpoint 'TISSParticipantController.GetCurrentTimetableEvent (BRGateway24)'
2025-08-20 11:56:37.661 +03:00 [INF] Request finished HTTP/1.1 GET http://localhost:5263/v1/MX/interface/participants/currentTimetableEvent - 200 null application/json; charset=utf-8 1297.8033ms
2025-08-20 12:04:33.418 +03:00 [INF] Request starting HTTP/1.1 POST http://localhost:5263/v1/MX/interface/participants/message - application/json 4133
2025-08-20 12:04:33.427 +03:00 [INF] Executing endpoint 'TISSParticipantController.PostMessage (BRGateway24)'
2025-08-20 12:04:33.432 +03:00 [INF] Route matched with {action = "PostMessage", controller = "TISSParticipant"}. Executing controller action with signature System.Threading.Tasks.Task`1[Microsoft.AspNetCore.Mvc.IActionResult] PostMessage(BRGateway24.Models.TissSendMessageRequest) on controller TISSParticipantController (BRGateway24).
2025-08-20 12:04:33.665 +03:00 [INF] Sending message with Reference: DEMO0601223
2025-08-20 12:04:33.818 +03:00 [INF] Using mock TISS service for endpoint: interface/participants/message
2025-08-20 12:04:33.901 +03:00 [INF] Mock TISS: Processing message with MsgId: DEMO0601223
2025-08-20 12:04:34.586 +03:00 [ERR] Failed to store message locally
Microsoft.Data.SqlClient.SqlException (0x80131904): Could not find stored procedure 'sp_TISS_StoreMessage'.
   at Microsoft.Data.SqlClient.SqlConnection.OnError(SqlException exception, Boolean breakConnection, Action`1 wrapCloseInAction)
   at Microsoft.Data.SqlClient.SqlInternalConnection.OnError(SqlException exception, Boolean breakConnection, Action`1 wrapCloseInAction)
   at Microsoft.Data.SqlClient.TdsParser.ThrowExceptionAndWarning(TdsParserStateObject stateObj, SqlCommand command, Boolean callerHasConnectionLock, Boolean asyncClose)
   at Microsoft.Data.SqlClient.TdsParser.TryRun(RunBehavior runBehavior, SqlCommand cmdHandler, SqlDataReader dataStream, BulkCopySimpleResultSet bulkCopyHandler, TdsParserStateObject stateObj, Boolean& dataReady)
   at Microsoft.Data.SqlClient.SqlCommand.FinishExecuteReader(SqlDataReader ds, RunBehavior runBehavior, String resetOptionsString, Boolean isInternal, Boolean forDescribeParameterEncryption, Boolean shouldCacheForAlwaysEncrypted)
   at Microsoft.Data.SqlClient.SqlCommand.CompleteAsyncExecuteReader(Boolean isInternal, Boolean forDescribeParameterEncryption)
   at Microsoft.Data.SqlClient.SqlCommand.InternalEndExecuteNonQuery(IAsyncResult asyncResult, Boolean isInternal, String endMethod)
   at Microsoft.Data.SqlClient.SqlCommand.EndExecuteNonQueryInternal(IAsyncResult asyncResult)
   at Microsoft.Data.SqlClient.SqlCommand.EndExecuteNonQueryAsync(IAsyncResult asyncResult)
   at Microsoft.Data.SqlClient.SqlCommand.<>c.<InternalExecuteNonQueryAsync>b__193_1(IAsyncResult asyncResult)
   at System.Threading.Tasks.TaskFactory`1.FromAsyncCoreLogic(IAsyncResult iar, Func`2 endFunction, Action`1 endAction, Task`1 promise, Boolean requiresSynchronization)
--- End of stack trace from previous location ---
   at BRGateway24.Repository.TISS.TISSParticipantRepo.StoreMessageLocally(String messageType, String payloadXml, String reference) in C:\Users\alex.ndegwa\Desktop\BRNET\TISS\BRGateway24\Repository\TISS\TISSParticipantRepo.cs:line 541
ClientConnectionId:7c167087-c498-4a6f-83c2-17c2be5156a9
Error Number:2812,State:62,Class:16
2025-08-20 12:04:34.629 +03:00 [INF] Executing ObjectResult, writing value of type '<>f__AnonymousType5`4[[System.String, System.Private.CoreLib, Version=8.0.0.0, Culture=neutral, PublicKeyToken=7cec85d7bea7798e],[System.String, System.Private.CoreLib, Version=8.0.0.0, Culture=neutral, PublicKeyToken=7cec85d7bea7798e],[System.String, System.Private.CoreLib, Version=8.0.0.0, Culture=neutral, PublicKeyToken=7cec85d7bea7798e],[System.DateTime, System.Private.CoreLib, Version=8.0.0.0, Culture=neutral, PublicKeyToken=7cec85d7bea7798e]]'.
2025-08-20 12:04:34.637 +03:00 [INF] Executed action TISSParticipantController.PostMessage (BRGateway24) in 1370.2234ms
2025-08-20 12:04:34.644 +03:00 [INF] Executed endpoint 'TISSParticipantController.PostMessage (BRGateway24)'
2025-08-20 12:04:34.649 +03:00 [INF] Request finished HTTP/1.1 POST http://localhost:5263/v1/MX/interface/participants/message - 200 null application/json; charset=utf-8 1406.3306ms
