2025-06-13 12:34:38.674 +03:00 [INF] Request starting HTTP/2 GET https://localhost:7200/swagger/index.html - null null
2025-06-13 12:34:39.530 +03:00 [INF] Request finished HTTP/2 GET https://localhost:7200/swagger/index.html - 200 null text/html;charset=utf-8 864.8343ms
2025-06-13 12:34:40.076 +03:00 [INF] Request starting HTTP/2 GET https://localhost:7200/_framework/aspnetcore-browser-refresh.js - null null
2025-06-13 12:34:40.078 +03:00 [INF] Request starting HTTP/2 GET https://localhost:7200/swagger/index.css - null null
2025-06-13 12:34:40.401 +03:00 [INF] Request finished HTTP/2 GET https://localhost:7200/_framework/aspnetcore-browser-refresh.js - 200 13758 application/javascript; charset=utf-8 344.9159ms
2025-06-13 12:34:40.236 +03:00 [INF] Request starting HTTP/2 GET https://localhost:7200/_vs/browserLink - null null
2025-06-13 12:34:40.240 +03:00 [INF] Request starting HTTP/2 GET https://localhost:7200/swagger/index.js - null null
2025-06-13 12:34:40.529 +03:00 [INF] Request finished HTTP/2 GET https://localhost:7200/swagger/index.js - 200 null application/javascript;charset=utf-8 290.9521ms
2025-06-13 12:34:41.974 +03:00 [INF] Request finished HTTP/2 GET https://localhost:7200/_vs/browserLink - 200 null text/javascript; charset=UTF-8 1738.1921ms
2025-06-13 12:34:42.529 +03:00 [INF] Sending file. Request path: '/index.css'. Physical path: 'N/A'
2025-06-13 12:34:43.667 +03:00 [INF] Request finished HTTP/2 GET https://localhost:7200/swagger/index.css - 499 202 text/css 3590.4983ms
2025-06-13 12:34:47.488 +03:00 [INF] Request starting HTTP/2 GET https://localhost:7200/swagger/v1/swagger.json - null null
2025-06-13 12:34:47.921 +03:00 [INF] Request finished HTTP/2 GET https://localhost:7200/swagger/v1/swagger.json - 200 null application/json;charset=utf-8 434.2182ms
2025-06-13 12:38:00.581 +03:00 [INF] Request starting HTTP/2 GET https://localhost:7200/swagger/index.html - null null
2025-06-13 12:38:00.675 +03:00 [INF] Request finished HTTP/2 GET https://localhost:7200/swagger/index.html - 200 null text/html;charset=utf-8 94.6011ms
2025-06-13 12:38:01.481 +03:00 [INF] Request starting HTTP/2 GET https://localhost:7200/_framework/aspnetcore-browser-refresh.js - null null
2025-06-13 12:38:01.574 +03:00 [INF] Request finished HTTP/2 GET https://localhost:7200/_framework/aspnetcore-browser-refresh.js - 200 13758 application/javascript; charset=utf-8 93.1079ms
2025-06-13 12:38:01.635 +03:00 [INF] Request starting HTTP/2 GET https://localhost:7200/_vs/browserLink - null null
2025-06-13 12:38:01.793 +03:00 [INF] Request finished HTTP/2 GET https://localhost:7200/_vs/browserLink - 200 null text/javascript; charset=UTF-8 161.2453ms
2025-06-13 12:38:01.843 +03:00 [INF] Request starting HTTP/2 GET https://localhost:7200/swagger/index.js - null null
2025-06-13 12:38:02.130 +03:00 [INF] Request finished HTTP/2 GET https://localhost:7200/swagger/index.js - 200 null application/javascript;charset=utf-8 286.3075ms
