2025-08-18 08:35:55.415 +03:00 [INF] Now listening on: http://localhost:5263
2025-08-18 08:35:55.603 +03:00 [INF] Application started. Press Ctrl+C to shut down.
2025-08-18 08:35:55.607 +03:00 [INF] Hosting environment: Development
2025-08-18 08:35:55.609 +03:00 [INF] Content root path: C:\Users\alex.ndegwa\Desktop\BRNET\TISS\BRGateway24
2025-08-18 08:35:57.579 +03:00 [INF] Request starting HTTP/1.1 GET http://localhost:5263/swagger - null null
2025-08-18 08:35:58.056 +03:00 [INF] Request finished HTTP/1.1 GET http://localhost:5263/swagger - 301 0 null 509.4866ms
2025-08-18 08:35:58.068 +03:00 [INF] Request starting HTTP/1.1 GET http://localhost:5263/swagger/index.html - null null
2025-08-18 08:35:58.210 +03:00 [INF] Request finished HTTP/1.1 GET http://localhost:5263/swagger/index.html - 200 null text/html;charset=utf-8 143.2353ms
2025-08-18 08:35:58.263 +03:00 [INF] Request starting HTTP/1.1 GET http://localhost:5263/swagger/swagger-ui.css - null null
2025-08-18 08:35:58.283 +03:00 [INF] Request starting HTTP/1.1 GET http://localhost:5263/swagger/swagger-ui-bundle.js - null null
2025-08-18 08:35:58.289 +03:00 [INF] Request starting HTTP/1.1 GET http://localhost:5263/_framework/aspnetcore-browser-refresh.js - null null
2025-08-18 08:35:58.288 +03:00 [INF] Request starting HTTP/1.1 GET http://localhost:5263/swagger/swagger-ui-standalone-preset.js - null null
2025-08-18 08:35:58.284 +03:00 [INF] Request starting HTTP/1.1 GET http://localhost:5263/swagger/index.css - null null
2025-08-18 08:35:58.354 +03:00 [INF] Request finished HTTP/1.1 GET http://localhost:5263/_framework/aspnetcore-browser-refresh.js - 200 13758 application/javascript; charset=utf-8 65.7508ms
2025-08-18 08:35:58.457 +03:00 [INF] Request finished HTTP/1.1 GET http://localhost:5263/swagger/swagger-ui-standalone-preset.js - 200 229223 text/javascript 168.4122ms
2025-08-18 08:35:58.581 +03:00 [INF] Request starting HTTP/1.1 GET http://localhost:5263/_vs/browserLink - null null
2025-08-18 08:35:58.373 +03:00 [INF] Request finished HTTP/1.1 GET http://localhost:5263/swagger/index.css - 200 202 text/css 89.1027ms
2025-08-18 08:35:58.288 +03:00 [INF] Request starting HTTP/1.1 GET http://localhost:5263/swagger/index.js - null null
2025-08-18 08:35:58.457 +03:00 [INF] Request finished HTTP/1.1 GET http://localhost:5263/swagger/swagger-ui.css - 200 155175 text/css 194.1093ms
2025-08-18 08:35:58.736 +03:00 [INF] Request finished HTTP/1.1 GET http://localhost:5263/swagger/index.js - 200 null application/javascript;charset=utf-8 447.9942ms
2025-08-18 08:35:58.558 +03:00 [INF] Request finished HTTP/1.1 GET http://localhost:5263/swagger/swagger-ui-bundle.js - 200 1485750 text/javascript 275.5452ms
2025-08-18 08:35:58.964 +03:00 [INF] Request finished HTTP/1.1 GET http://localhost:5263/_vs/browserLink - 200 null text/javascript; charset=UTF-8 382.5924ms
2025-08-18 08:35:59.387 +03:00 [INF] Request starting HTTP/1.1 GET http://localhost:5263/swagger/v1/swagger.json - null null
2025-08-18 08:35:59.402 +03:00 [INF] Request starting HTTP/1.1 GET http://localhost:5263/swagger/favicon-32x32.png - null null
2025-08-18 08:35:59.495 +03:00 [INF] Request finished HTTP/1.1 GET http://localhost:5263/swagger/favicon-32x32.png - 200 628 image/png 93.4178ms
2025-08-18 08:35:59.521 +03:00 [INF] Request finished HTTP/1.1 GET http://localhost:5263/swagger/v1/swagger.json - 200 null application/json;charset=utf-8 133.1267ms
2025-08-18 08:37:22.105 +03:00 [INF] Request starting HTTP/1.1 POST http://localhost:5263/Login - application/json 176
2025-08-18 08:37:22.117 +03:00 [WRN] Failed to determine the https port for redirect.
2025-08-18 08:37:22.125 +03:00 [INF] Executing endpoint 'BRGateway24.Controllers.TokenController.Generate (BRGateway24)'
2025-08-18 08:37:22.157 +03:00 [INF] Route matched with {action = "Generate", controller = "Token"}. Executing controller action with signature BRGateway24.Models.LoginReq Generate(BRGateway24.Models.HeaderRequest) on controller BRGateway24.Controllers.TokenController (BRGateway24).
2025-08-18 08:37:22.918 +03:00 [INF] AuthenticateUser list: [
  {
    "LanguageID": "en",
    "Password": "g2yOsPr8JUgneu8n2JVIloW4mH5NXV1/qHvd7zKcpAU=",
    "TimeLoggedIn": "2025-08-18T08:23:00",
    "IPAddress": "127.0.0.1",
    "LoginFailureIPAddress": null,
    "RoleID": "GMOPS",
    "Status": 1,
    "SessionID": "fd3e1b26-ce3d-4207-83cf-ecfc46fb4c8aBRNET_KCBL14EKIJA127.0.0.1",
    "UserID": "0000025",
    "Username": "EKIJA",
    "Firstname": "EKIJA",
    "Lastname": "EKIJA",
    "Email": "",
    "PhoneNumber": "",
    "ProfilePic": "/upload/blank-person.png",
    "OutputJSON": null
  }
]
2025-08-18 08:37:23.057 +03:00 [INF] Executing ObjectResult, writing value of type 'BRGateway24.Models.LoginReq'.
2025-08-18 08:37:23.066 +03:00 [INF] Executed action BRGateway24.Controllers.TokenController.Generate (BRGateway24) in 900.8417ms
2025-08-18 08:37:23.070 +03:00 [INF] Executed endpoint 'BRGateway24.Controllers.TokenController.Generate (BRGateway24)'
2025-08-18 08:37:23.073 +03:00 [INF] Request finished HTTP/1.1 POST http://localhost:5263/Login - 200 null application/json; charset=utf-8 967.8004ms
2025-08-18 08:37:44.486 +03:00 [INF] Request starting HTTP/1.1 GET http://localhost:5263/interface/participants/businessDate - null null
2025-08-18 08:37:44.495 +03:00 [INF] Executing endpoint 'BRGateway24.Controllers.TISSParticipantController.GetBusinessDate (BRGateway24)'
2025-08-18 08:37:44.507 +03:00 [INF] Route matched with {action = "GetBusinessDate", controller = "TISSParticipant"}. Executing controller action with signature System.Threading.Tasks.Task`1[Microsoft.AspNetCore.Mvc.IActionResult] GetBusinessDate() on controller BRGateway24.Controllers.TISSParticipantController (BRGateway24).
2025-08-18 08:37:44.516 +03:00 [INF] Executed action BRGateway24.Controllers.TISSParticipantController.GetBusinessDate (BRGateway24) in 3.8934ms
2025-08-18 08:37:44.521 +03:00 [INF] Executed endpoint 'BRGateway24.Controllers.TISSParticipantController.GetBusinessDate (BRGateway24)'
2025-08-18 08:37:44.525 +03:00 [ERR] An unhandled exception has occurred while executing the request.
System.InvalidOperationException: Unable to resolve service for type 'BRGateway24.Repository.TISS.ITISSParticipantRepo' while attempting to activate 'BRGateway24.Controllers.TISSParticipantController'.
   at Microsoft.Extensions.DependencyInjection.ActivatorUtilities.ThrowHelperUnableToResolveService(Type type, Type requiredBy)
   at lambda_method14(Closure, IServiceProvider, Object[])
   at Microsoft.AspNetCore.Mvc.Controllers.ControllerFactoryProvider.<>c__DisplayClass6_0.<CreateControllerFactory>g__CreateController|0(ControllerContext controllerContext)
   at Microsoft.AspNetCore.Mvc.Infrastructure.ControllerActionInvoker.Next(State& next, Scope& scope, Object& state, Boolean& isCompleted)
   at Microsoft.AspNetCore.Mvc.Infrastructure.ControllerActionInvoker.InvokeInnerFilterAsync()
--- End of stack trace from previous location ---
   at Microsoft.AspNetCore.Mvc.Infrastructure.ResourceInvoker.<InvokeFilterPipelineAsync>g__Awaited|20_0(ResourceInvoker invoker, Task lastTask, State next, Scope scope, Object state, Boolean isCompleted)
   at Microsoft.AspNetCore.Mvc.Infrastructure.ResourceInvoker.<InvokeAsync>g__Logged|17_1(ResourceInvoker invoker)
   at Microsoft.AspNetCore.Mvc.Infrastructure.ResourceInvoker.<InvokeAsync>g__Logged|17_1(ResourceInvoker invoker)
   at Microsoft.AspNetCore.Routing.EndpointMiddleware.<Invoke>g__AwaitRequestTask|7_0(Endpoint endpoint, Task requestTask, ILogger logger)
   at Microsoft.AspNetCore.Authorization.AuthorizationMiddleware.Invoke(HttpContext context)
   at Swashbuckle.AspNetCore.SwaggerUI.SwaggerUIMiddleware.Invoke(HttpContext httpContext)
   at Swashbuckle.AspNetCore.Swagger.SwaggerMiddleware.Invoke(HttpContext httpContext, ISwaggerProvider swaggerProvider)
   at Swashbuckle.AspNetCore.Swagger.SwaggerMiddleware.Invoke(HttpContext httpContext, ISwaggerProvider swaggerProvider)
   at Microsoft.AspNetCore.Authentication.AuthenticationMiddleware.Invoke(HttpContext context)
   at Microsoft.AspNetCore.Diagnostics.DeveloperExceptionPageMiddlewareImpl.Invoke(HttpContext context)
2025-08-18 08:37:44.547 +03:00 [INF] Request finished HTTP/1.1 GET http://localhost:5263/interface/participants/businessDate - 500 null text/plain; charset=utf-8 61.2464ms
2025-08-18 08:46:22.516 +03:00 [INF] Now listening on: http://localhost:5263
2025-08-18 08:46:22.657 +03:00 [INF] Application started. Press Ctrl+C to shut down.
2025-08-18 08:46:22.660 +03:00 [INF] Hosting environment: Development
2025-08-18 08:46:22.662 +03:00 [INF] Content root path: C:\Users\alex.ndegwa\Desktop\BRNET\TISS\BRGateway24
2025-08-18 08:46:23.043 +03:00 [INF] Request starting HTTP/1.1 GET http://localhost:5263/_framework/aspnetcore-browser-refresh.js - null null
2025-08-18 08:46:23.043 +03:00 [INF] Request starting HTTP/1.1 GET http://localhost:5263/_vs/browserLink - null null
2025-08-18 08:46:23.081 +03:00 [INF] Request finished HTTP/1.1 GET http://localhost:5263/_framework/aspnetcore-browser-refresh.js - 200 13758 application/javascript; charset=utf-8 56.3632ms
2025-08-18 08:46:23.162 +03:00 [INF] Request finished HTTP/1.1 GET http://localhost:5263/_vs/browserLink - 200 null text/javascript; charset=UTF-8 139.1456ms
2025-08-18 08:46:23.299 +03:00 [INF] Request starting HTTP/1.1 GET http://localhost:5263/swagger/v1/swagger.json - null null
2025-08-18 08:46:23.366 +03:00 [INF] Request finished HTTP/1.1 GET http://localhost:5263/swagger/v1/swagger.json - 200 null application/json;charset=utf-8 67.7489ms
2025-08-18 08:47:01.497 +03:00 [INF] Request starting HTTP/1.1 POST http://localhost:5263/Login - application/json 175
2025-08-18 08:47:01.521 +03:00 [WRN] Failed to determine the https port for redirect.
2025-08-18 08:47:01.528 +03:00 [INF] Executing endpoint 'BRGateway24.Controllers.TokenController.Generate (BRGateway24)'
2025-08-18 08:47:01.556 +03:00 [INF] Route matched with {action = "Generate", controller = "Token"}. Executing controller action with signature BRGateway24.Models.LoginReq Generate(BRGateway24.Models.HeaderRequest) on controller BRGateway24.Controllers.TokenController (BRGateway24).
2025-08-18 08:47:01.667 +03:00 [INF] AuthenticateUser list: [
  {
    "LanguageID": "en",
    "Password": "g2yOsPr8JUgneu8n2JVIloW4mH5NXV1/qHvd7zKcpAU=",
    "TimeLoggedIn": "2025-08-18T08:45:00",
    "IPAddress": "172.16.3.91",
    "LoginFailureIPAddress": null,
    "RoleID": "GMOPS",
    "Status": 1,
    "SessionID": "d16e708c-8eab-409a-a137-cd503705974bBRNET_KCBL14EKIJA172.16.3.91",
    "UserID": "0000025",
    "Username": "EKIJA",
    "Firstname": "EKIJA",
    "Lastname": "EKIJA",
    "Email": "",
    "PhoneNumber": "",
    "ProfilePic": "/upload/blank-person.png",
    "OutputJSON": null
  }
]
2025-08-18 08:47:01.780 +03:00 [INF] Executing ObjectResult, writing value of type 'BRGateway24.Models.LoginReq'.
2025-08-18 08:47:01.790 +03:00 [INF] Executed action BRGateway24.Controllers.TokenController.Generate (BRGateway24) in 226.8932ms
2025-08-18 08:47:01.795 +03:00 [INF] Executed endpoint 'BRGateway24.Controllers.TokenController.Generate (BRGateway24)'
2025-08-18 08:47:01.799 +03:00 [INF] Request finished HTTP/1.1 POST http://localhost:5263/Login - 200 null application/json; charset=utf-8 302.0252ms
2025-08-18 08:47:20.618 +03:00 [INF] Request starting HTTP/1.1 GET http://localhost:5263/interface/participants/businessDate - null null
2025-08-18 08:47:20.628 +03:00 [INF] Executing endpoint 'BRGateway24.Controllers.TISSParticipantController.GetBusinessDate (BRGateway24)'
2025-08-18 08:47:20.636 +03:00 [INF] Route matched with {action = "GetBusinessDate", controller = "TISSParticipant"}. Executing controller action with signature System.Threading.Tasks.Task`1[Microsoft.AspNetCore.Mvc.IActionResult] GetBusinessDate() on controller BRGateway24.Controllers.TISSParticipantController (BRGateway24).
2025-08-18 08:47:20.653 +03:00 [INF] Executing UnauthorizedObjectResult, writing value of type 'System.String'.
2025-08-18 08:47:20.658 +03:00 [INF] Executed action BRGateway24.Controllers.TISSParticipantController.GetBusinessDate (BRGateway24) in 17.0566ms
2025-08-18 08:47:20.662 +03:00 [INF] Executed endpoint 'BRGateway24.Controllers.TISSParticipantController.GetBusinessDate (BRGateway24)'
2025-08-18 08:47:20.665 +03:00 [INF] Request finished HTTP/1.1 GET http://localhost:5263/interface/participants/businessDate - 401 null text/plain; charset=utf-8 47.2282ms
2025-08-18 09:22:48.860 +03:00 [INF] Request starting HTTP/1.1 GET http://localhost:5263/interface/participants/businessDate - null null
2025-08-18 09:22:48.873 +03:00 [INF] Executing endpoint 'BRGateway24.Controllers.TISSParticipantController.GetBusinessDate (BRGateway24)'
2025-08-18 09:22:48.877 +03:00 [INF] Route matched with {action = "GetBusinessDate", controller = "TISSParticipant"}. Executing controller action with signature System.Threading.Tasks.Task`1[Microsoft.AspNetCore.Mvc.IActionResult] GetBusinessDate() on controller BRGateway24.Controllers.TISSParticipantController (BRGateway24).
2025-08-18 09:22:48.885 +03:00 [INF] Executing UnauthorizedObjectResult, writing value of type 'System.String'.
2025-08-18 09:22:48.889 +03:00 [INF] Executed action BRGateway24.Controllers.TISSParticipantController.GetBusinessDate (BRGateway24) in 6.2525ms
2025-08-18 09:22:48.892 +03:00 [INF] Executed endpoint 'BRGateway24.Controllers.TISSParticipantController.GetBusinessDate (BRGateway24)'
2025-08-18 09:22:48.896 +03:00 [INF] Request finished HTTP/1.1 GET http://localhost:5263/interface/participants/businessDate - 401 null text/plain; charset=utf-8 36.1807ms
2025-08-18 09:22:50.115 +03:00 [INF] Request starting HTTP/1.1 GET http://localhost:5263/interface/participants/businessDate - null null
2025-08-18 09:22:50.122 +03:00 [INF] Executing endpoint 'BRGateway24.Controllers.TISSParticipantController.GetBusinessDate (BRGateway24)'
2025-08-18 09:22:50.126 +03:00 [INF] Route matched with {action = "GetBusinessDate", controller = "TISSParticipant"}. Executing controller action with signature System.Threading.Tasks.Task`1[Microsoft.AspNetCore.Mvc.IActionResult] GetBusinessDate() on controller BRGateway24.Controllers.TISSParticipantController (BRGateway24).
2025-08-18 09:22:50.134 +03:00 [INF] Executing UnauthorizedObjectResult, writing value of type 'System.String'.
2025-08-18 09:22:50.138 +03:00 [INF] Executed action BRGateway24.Controllers.TISSParticipantController.GetBusinessDate (BRGateway24) in 5.9426ms
2025-08-18 09:22:50.141 +03:00 [INF] Executed endpoint 'BRGateway24.Controllers.TISSParticipantController.GetBusinessDate (BRGateway24)'
2025-08-18 09:22:50.146 +03:00 [INF] Request finished HTTP/1.1 GET http://localhost:5263/interface/participants/businessDate - 401 null text/plain; charset=utf-8 31.1038ms
2025-08-18 09:23:09.414 +03:00 [INF] Request starting HTTP/1.1 GET http://localhost:5263/interface/participants/currentTimetableEvent - null null
2025-08-18 09:23:09.423 +03:00 [INF] Executing endpoint 'BRGateway24.Controllers.TISSParticipantController.GetCurrentTimetableEvent (BRGateway24)'
2025-08-18 09:23:09.431 +03:00 [INF] Route matched with {action = "GetCurrentTimetableEvent", controller = "TISSParticipant"}. Executing controller action with signature System.Threading.Tasks.Task`1[Microsoft.AspNetCore.Mvc.IActionResult] GetCurrentTimetableEvent() on controller BRGateway24.Controllers.TISSParticipantController (BRGateway24).
2025-08-18 09:23:09.438 +03:00 [INF] Executing UnauthorizedObjectResult, writing value of type 'System.String'.
2025-08-18 09:23:09.442 +03:00 [INF] Executed action BRGateway24.Controllers.TISSParticipantController.GetCurrentTimetableEvent (BRGateway24) in 5.4833ms
2025-08-18 09:23:09.445 +03:00 [INF] Executed endpoint 'BRGateway24.Controllers.TISSParticipantController.GetCurrentTimetableEvent (BRGateway24)'
2025-08-18 09:23:09.449 +03:00 [INF] Request finished HTTP/1.1 GET http://localhost:5263/interface/participants/currentTimetableEvent - 401 null text/plain; charset=utf-8 35.0324ms
2025-08-18 09:30:16.823 +03:00 [INF] Now listening on: http://localhost:5263
2025-08-18 09:30:17.006 +03:00 [INF] Application started. Press Ctrl+C to shut down.
2025-08-18 09:30:17.010 +03:00 [INF] Hosting environment: Development
2025-08-18 09:30:17.012 +03:00 [INF] Content root path: C:\Users\alex.ndegwa\Desktop\BRNET\TISS\BRGateway24
2025-08-18 09:30:18.117 +03:00 [INF] Request starting HTTP/1.1 GET http://localhost:5263/_framework/aspnetcore-browser-refresh.js - null null
2025-08-18 09:30:18.124 +03:00 [INF] Request starting HTTP/1.1 GET http://localhost:5263/_vs/browserLink - null null
2025-08-18 09:30:18.439 +03:00 [INF] Request finished HTTP/1.1 GET http://localhost:5263/_framework/aspnetcore-browser-refresh.js - 200 13758 application/javascript; charset=utf-8 342.3688ms
2025-08-18 09:30:18.670 +03:00 [INF] Request finished HTTP/1.1 GET http://localhost:5263/_vs/browserLink - 200 null text/javascript; charset=UTF-8 573.0873ms
2025-08-18 09:30:18.801 +03:00 [INF] Request starting HTTP/1.1 GET http://localhost:5263/swagger/v1/swagger.json - null null
2025-08-18 09:30:19.482 +03:00 [INF] Request finished HTTP/1.1 GET http://localhost:5263/swagger/v1/swagger.json - 200 null application/json;charset=utf-8 681.3705ms
